14-08-2018 15:05:30.926 [main] INFO  c.c.b.BookingServiceTest.logStarting - Starting BookingServiceTest on DIN34002994 with PID 7688 (started by sogour in C:\Users\sogour\Documents\workspace-sts-3.9.4.RELEASE\myApp)
14-08-2018 15:05:30.935 [main] INFO  c.c.b.BookingServiceTest.logStartupProfileInfo - No active profile set, falling back to default profiles: default
14-08-2018 15:05:30.963 [main] INFO  o.s.w.c.s.GenericWebApplicationContext.prepareRefresh - Refreshing org.springframework.web.context.support.GenericWebApplicationContext@18271936: startup date [Tue Aug 14 15:05:30 IST 2018]; root of context hierarchy
14-08-2018 15:05:32.355 [main] INFO  o.s.w.s.h.SimpleUrlHandlerMapping.registerHandler - Mapped URL path [/**/favicon.ico] onto handler of type [class org.springframework.web.servlet.resource.ResourceHttpRequestHandler]
14-08-2018 15:05:32.563 [main] INFO  o.s.w.s.m.m.a.RequestMappingHandlerAdapter.initControllerAdviceCache - Looking for @ControllerAdvice: org.springframework.web.context.support.GenericWebApplicationContext@18271936: startup date [Tue Aug 14 15:05:30 IST 2018]; root of context hierarchy
14-08-2018 15:05:32.652 [main] INFO  o.s.w.s.m.m.a.RequestMappingHandlerMapping.register - Mapped "{[/booking/resort/{guestID}],methods=[POST]}" onto public org.springframework.http.ResponseEntity<java.lang.Object> com.cg.restcontroller.BookingController.bookResort(com.cg.entities.Resort,long)
14-08-2018 15:05:32.654 [main] INFO  o.s.w.s.m.m.a.RequestMappingHandlerMapping.register - Mapped "{[/booking/dining/{guestID}],methods=[POST]}" onto public org.springframework.http.ResponseEntity<java.lang.Object> com.cg.restcontroller.BookingController.bookDining(com.cg.entities.Dining,long)
14-08-2018 15:05:32.655 [main] INFO  o.s.w.s.m.m.a.RequestMappingHandlerMapping.register - Mapped "{[/booking/cancel/dining/{diningBookingId}],methods=[PUT]}" onto public org.springframework.http.ResponseEntity<java.lang.Object> com.cg.restcontroller.BookingController.cancelBookedDining(long)
14-08-2018 15:05:32.656 [main] INFO  o.s.w.s.m.m.a.RequestMappingHandlerMapping.register - Mapped "{[/booking/update/dining/{diningBookingId}],methods=[PUT]}" onto public org.springframework.http.ResponseEntity<java.lang.Object> com.cg.restcontroller.BookingController.updateBookedDining(com.cg.entities.Dining,long)
14-08-2018 15:05:32.657 [main] INFO  o.s.w.s.m.m.a.RequestMappingHandlerMapping.register - Mapped "{[/booking/update/resort/{resortBookingId}],methods=[PUT]}" onto public org.springframework.http.ResponseEntity<java.lang.Object> com.cg.restcontroller.BookingController.updateBookResort(com.cg.entities.Resort,long)
14-08-2018 15:05:32.657 [main] INFO  o.s.w.s.m.m.a.RequestMappingHandlerMapping.register - Mapped "{[/booking/cancel/resort/{resortBookingId}],methods=[PUT]}" onto public org.springframework.http.ResponseEntity<java.lang.Object> com.cg.restcontroller.BookingController.cancelBookResort(long)
14-08-2018 15:05:32.661 [main] INFO  o.s.w.s.m.m.a.RequestMappingHandlerMapping.register - Mapped "{[/guest/register],methods=[POST]}" onto public org.springframework.http.ResponseEntity<java.lang.Object> com.cg.restcontroller.GuestController.registerGuest(com.cg.entities.Guest)
14-08-2018 15:05:32.661 [main] INFO  o.s.w.s.m.m.a.RequestMappingHandlerMapping.register - Mapped "{[/guest/update/{guestID}],methods=[PUT]}" onto public org.springframework.http.ResponseEntity<java.lang.Object> com.cg.restcontroller.GuestController.updateGuest(com.cg.entities.Guest,long)
14-08-2018 15:05:32.662 [main] INFO  o.s.w.s.m.m.a.RequestMappingHandlerMapping.register - Mapped "{[/guest/login],methods=[POST]}" onto public org.springframework.http.ResponseEntity<java.lang.Object> com.cg.restcontroller.GuestController.loginGuest(com.cg.entities.Guest)
14-08-2018 15:05:32.662 [main] INFO  o.s.w.s.m.m.a.RequestMappingHandlerMapping.register - Mapped "{[/guest/view/{guestID}],methods=[GET]}" onto public java.util.List<java.lang.Object> com.cg.restcontroller.GuestController.viewItenarary(long)
14-08-2018 15:05:32.664 [main] INFO  o.s.w.s.m.m.a.RequestMappingHandlerMapping.register - Mapped "{[/error]}" onto public org.springframework.http.ResponseEntity<java.util.Map<java.lang.String, java.lang.Object>> org.springframework.boot.autoconfigure.web.servlet.error.BasicErrorController.error(javax.servlet.http.HttpServletRequest)
14-08-2018 15:05:32.665 [main] INFO  o.s.w.s.m.m.a.RequestMappingHandlerMapping.register - Mapped "{[/error],produces=[text/html]}" onto public org.springframework.web.servlet.ModelAndView org.springframework.boot.autoconfigure.web.servlet.error.BasicErrorController.errorHtml(javax.servlet.http.HttpServletRequest,javax.servlet.http.HttpServletResponse)
14-08-2018 15:05:32.697 [main] INFO  o.s.w.s.h.SimpleUrlHandlerMapping.registerHandler - Mapped URL path [/webjars/**] onto handler of type [class org.springframework.web.servlet.resource.ResourceHttpRequestHandler]
14-08-2018 15:05:32.698 [main] INFO  o.s.w.s.h.SimpleUrlHandlerMapping.registerHandler - Mapped URL path [/**] onto handler of type [class org.springframework.web.servlet.resource.ResourceHttpRequestHandler]
14-08-2018 15:05:33.010 [main] INFO  c.c.b.BookingServiceTest.logStarted - Started BookingServiceTest in 2.513 seconds (JVM running for 4.475)
14-08-2018 15:05:33.493 [main] INFO  BookingServiceImpl.class.bookDining - BookingServiceImpl: Executing bookDining method.
14-08-2018 15:05:33.500 [Thread-2] INFO  o.s.w.c.s.GenericWebApplicationContext.doClose - Closing org.springframework.web.context.support.GenericWebApplicationContext@18271936: startup date [Tue Aug 14 15:05:30 IST 2018]; root of context hierarchy
14-08-2018 15:38:41.740 [main] INFO  c.c.b.BookingServiceTest.logStarting - Starting BookingServiceTest on DIN34002994 with PID 6584 (started by sogour in C:\Users\sogour\Documents\workspace-sts-3.9.4.RELEASE\myApp)
14-08-2018 15:38:41.742 [main] INFO  c.c.b.BookingServiceTest.logStartupProfileInfo - No active profile set, falling back to default profiles: default
14-08-2018 15:38:41.769 [main] INFO  o.s.w.c.s.GenericWebApplicationContext.prepareRefresh - Refreshing org.springframework.web.context.support.GenericWebApplicationContext@8458f04: startup date [Tue Aug 14 15:38:41 IST 2018]; root of context hierarchy
14-08-2018 15:38:43.222 [main] INFO  o.s.w.s.h.SimpleUrlHandlerMapping.registerHandler - Mapped URL path [/**/favicon.ico] onto handler of type [class org.springframework.web.servlet.resource.ResourceHttpRequestHandler]
14-08-2018 15:38:43.423 [main] INFO  o.s.w.s.m.m.a.RequestMappingHandlerAdapter.initControllerAdviceCache - Looking for @ControllerAdvice: org.springframework.web.context.support.GenericWebApplicationContext@8458f04: startup date [Tue Aug 14 15:38:41 IST 2018]; root of context hierarchy
14-08-2018 15:38:43.495 [main] INFO  o.s.w.s.m.m.a.RequestMappingHandlerMapping.register - Mapped "{[/booking/resort/{guestID}],methods=[POST]}" onto public org.springframework.http.ResponseEntity<java.lang.Object> com.cg.restcontroller.BookingController.bookResort(com.cg.entities.Resort,long)
14-08-2018 15:38:43.497 [main] INFO  o.s.w.s.m.m.a.RequestMappingHandlerMapping.register - Mapped "{[/booking/update/resort/{resortBookingId}],methods=[PUT]}" onto public org.springframework.http.ResponseEntity<java.lang.Object> com.cg.restcontroller.BookingController.updateBookResort(com.cg.entities.Resort,long)
14-08-2018 15:38:43.498 [main] INFO  o.s.w.s.m.m.a.RequestMappingHandlerMapping.register - Mapped "{[/booking/cancel/resort/{resortBookingId}],methods=[PUT]}" onto public org.springframework.http.ResponseEntity<java.lang.Object> com.cg.restcontroller.BookingController.cancelBookResort(long)
14-08-2018 15:38:43.499 [main] INFO  o.s.w.s.m.m.a.RequestMappingHandlerMapping.register - Mapped "{[/booking/update/dining/{diningBookingId}],methods=[PUT]}" onto public org.springframework.http.ResponseEntity<java.lang.Object> com.cg.restcontroller.BookingController.updateBookedDining(com.cg.entities.Dining,long)
14-08-2018 15:38:43.499 [main] INFO  o.s.w.s.m.m.a.RequestMappingHandlerMapping.register - Mapped "{[/booking/cancel/dining/{diningBookingId}],methods=[PUT]}" onto public org.springframework.http.ResponseEntity<java.lang.Object> com.cg.restcontroller.BookingController.cancelBookedDining(long)
14-08-2018 15:38:43.500 [main] INFO  o.s.w.s.m.m.a.RequestMappingHandlerMapping.register - Mapped "{[/booking/dining/{guestID}],methods=[POST]}" onto public org.springframework.http.ResponseEntity<java.lang.Object> com.cg.restcontroller.BookingController.bookDining(com.cg.entities.Dining,long)
14-08-2018 15:38:43.503 [main] INFO  o.s.w.s.m.m.a.RequestMappingHandlerMapping.register - Mapped "{[/guest/register],methods=[POST]}" onto public org.springframework.http.ResponseEntity<java.lang.Object> com.cg.restcontroller.GuestController.registerGuest(com.cg.entities.Guest)
14-08-2018 15:38:43.504 [main] INFO  o.s.w.s.m.m.a.RequestMappingHandlerMapping.register - Mapped "{[/guest/update/{guestID}],methods=[PUT]}" onto public org.springframework.http.ResponseEntity<java.lang.Object> com.cg.restcontroller.GuestController.updateGuest(com.cg.entities.Guest,long)
14-08-2018 15:38:43.504 [main] INFO  o.s.w.s.m.m.a.RequestMappingHandlerMapping.register - Mapped "{[/guest/login],methods=[POST]}" onto public org.springframework.http.ResponseEntity<java.lang.Object> com.cg.restcontroller.GuestController.loginGuest(com.cg.entities.Guest)
14-08-2018 15:38:43.505 [main] INFO  o.s.w.s.m.m.a.RequestMappingHandlerMapping.register - Mapped "{[/guest/view/{guestID}],methods=[GET]}" onto public java.util.List<java.lang.Object> com.cg.restcontroller.GuestController.viewItenarary(long)
14-08-2018 15:38:43.509 [main] INFO  o.s.w.s.m.m.a.RequestMappingHandlerMapping.register - Mapped "{[/error]}" onto public org.springframework.http.ResponseEntity<java.util.Map<java.lang.String, java.lang.Object>> org.springframework.boot.autoconfigure.web.servlet.error.BasicErrorController.error(javax.servlet.http.HttpServletRequest)
14-08-2018 15:38:43.511 [main] INFO  o.s.w.s.m.m.a.RequestMappingHandlerMapping.register - Mapped "{[/error],produces=[text/html]}" onto public org.springframework.web.servlet.ModelAndView org.springframework.boot.autoconfigure.web.servlet.error.BasicErrorController.errorHtml(javax.servlet.http.HttpServletRequest,javax.servlet.http.HttpServletResponse)
14-08-2018 15:38:43.539 [main] INFO  o.s.w.s.h.SimpleUrlHandlerMapping.registerHandler - Mapped URL path [/webjars/**] onto handler of type [class org.springframework.web.servlet.resource.ResourceHttpRequestHandler]
14-08-2018 15:38:43.539 [main] INFO  o.s.w.s.h.SimpleUrlHandlerMapping.registerHandler - Mapped URL path [/**] onto handler of type [class org.springframework.web.servlet.resource.ResourceHttpRequestHandler]
14-08-2018 15:38:43.851 [main] INFO  c.c.b.BookingServiceTest.logStarted - Started BookingServiceTest in 2.422 seconds (JVM running for 3.525)
14-08-2018 15:38:44.342 [main] INFO  BookingServiceImpl.class.bookResort - BookingServiceImpl: Executing bookResort method.
14-08-2018 15:38:44.347 [main] INFO  BookingServiceImpl.class.updateBookResort - BookingServiceImpl: Executing updateBookResort method.
14-08-2018 15:38:44.348 [main] INFO  BookingServiceImpl.class.cancelBookResort - BookingServiceImpl: Executing cancelBookResort method.
14-08-2018 15:38:44.385 [Thread-2] INFO  o.s.w.c.s.GenericWebApplicationContext.doClose - Closing org.springframework.web.context.support.GenericWebApplicationContext@8458f04: startup date [Tue Aug 14 15:38:41 IST 2018]; root of context hierarchy
14-08-2018 15:49:24.576 [main] INFO  c.c.b.BookingServiceTest.logStarting - Starting BookingServiceTest on DIN34002994 with PID 6388 (started by sogour in C:\Users\sogour\Documents\workspace-sts-3.9.4.RELEASE\myApp)
14-08-2018 15:49:24.578 [main] INFO  c.c.b.BookingServiceTest.logStartupProfileInfo - No active profile set, falling back to default profiles: default
14-08-2018 15:49:24.604 [main] INFO  o.s.w.c.s.GenericWebApplicationContext.prepareRefresh - Refreshing org.springframework.web.context.support.GenericWebApplicationContext@68c9133c: startup date [Tue Aug 14 15:49:24 IST 2018]; root of context hierarchy
14-08-2018 15:49:26.076 [main] INFO  o.s.w.s.h.SimpleUrlHandlerMapping.registerHandler - Mapped URL path [/**/favicon.ico] onto handler of type [class org.springframework.web.servlet.resource.ResourceHttpRequestHandler]
14-08-2018 15:49:26.263 [main] INFO  o.s.w.s.m.m.a.RequestMappingHandlerAdapter.initControllerAdviceCache - Looking for @ControllerAdvice: org.springframework.web.context.support.GenericWebApplicationContext@68c9133c: startup date [Tue Aug 14 15:49:24 IST 2018]; root of context hierarchy
14-08-2018 15:49:26.333 [main] INFO  o.s.w.s.m.m.a.RequestMappingHandlerMapping.register - Mapped "{[/booking/resort/{guestID}],methods=[POST]}" onto public org.springframework.http.ResponseEntity<java.lang.Object> com.cg.restcontroller.BookingController.bookResort(com.cg.entities.Resort,long)
14-08-2018 15:49:26.335 [main] INFO  o.s.w.s.m.m.a.RequestMappingHandlerMapping.register - Mapped "{[/booking/update/resort/{resortBookingId}],methods=[PUT]}" onto public org.springframework.http.ResponseEntity<java.lang.Object> com.cg.restcontroller.BookingController.updateBookResort(com.cg.entities.Resort,long)
14-08-2018 15:49:26.336 [main] INFO  o.s.w.s.m.m.a.RequestMappingHandlerMapping.register - Mapped "{[/booking/cancel/resort/{resortBookingId}],methods=[PUT]}" onto public org.springframework.http.ResponseEntity<java.lang.Object> com.cg.restcontroller.BookingController.cancelBookResort(long)
14-08-2018 15:49:26.337 [main] INFO  o.s.w.s.m.m.a.RequestMappingHandlerMapping.register - Mapped "{[/booking/cancel/dining/{diningBookingId}],methods=[PUT]}" onto public org.springframework.http.ResponseEntity<java.lang.Object> com.cg.restcontroller.BookingController.cancelBookedDining(long)
14-08-2018 15:49:26.338 [main] INFO  o.s.w.s.m.m.a.RequestMappingHandlerMapping.register - Mapped "{[/booking/update/dining/{diningBookingId}],methods=[PUT]}" onto public org.springframework.http.ResponseEntity<java.lang.Object> com.cg.restcontroller.BookingController.updateBookedDining(com.cg.entities.Dining,long)
14-08-2018 15:49:26.338 [main] INFO  o.s.w.s.m.m.a.RequestMappingHandlerMapping.register - Mapped "{[/booking/dining/{guestID}],methods=[POST]}" onto public org.springframework.http.ResponseEntity<java.lang.Object> com.cg.restcontroller.BookingController.bookDining(com.cg.entities.Dining,long)
14-08-2018 15:49:26.341 [main] INFO  o.s.w.s.m.m.a.RequestMappingHandlerMapping.register - Mapped "{[/guest/register],methods=[POST]}" onto public org.springframework.http.ResponseEntity<java.lang.Object> com.cg.restcontroller.GuestController.registerGuest(com.cg.entities.Guest)
14-08-2018 15:49:26.342 [main] INFO  o.s.w.s.m.m.a.RequestMappingHandlerMapping.register - Mapped "{[/guest/update/{guestID}],methods=[PUT]}" onto public org.springframework.http.ResponseEntity<java.lang.Object> com.cg.restcontroller.GuestController.updateGuest(com.cg.entities.Guest,long)
14-08-2018 15:49:26.343 [main] INFO  o.s.w.s.m.m.a.RequestMappingHandlerMapping.register - Mapped "{[/guest/login],methods=[POST]}" onto public org.springframework.http.ResponseEntity<java.lang.Object> com.cg.restcontroller.GuestController.loginGuest(com.cg.entities.Guest)
14-08-2018 15:49:26.344 [main] INFO  o.s.w.s.m.m.a.RequestMappingHandlerMapping.register - Mapped "{[/guest/view/{guestID}],methods=[GET]}" onto public java.util.List<java.lang.Object> com.cg.restcontroller.GuestController.viewItenarary(long)
14-08-2018 15:49:26.346 [main] INFO  o.s.w.s.m.m.a.RequestMappingHandlerMapping.register - Mapped "{[/error]}" onto public org.springframework.http.ResponseEntity<java.util.Map<java.lang.String, java.lang.Object>> org.springframework.boot.autoconfigure.web.servlet.error.BasicErrorController.error(javax.servlet.http.HttpServletRequest)
14-08-2018 15:49:26.347 [main] INFO  o.s.w.s.m.m.a.RequestMappingHandlerMapping.register - Mapped "{[/error],produces=[text/html]}" onto public org.springframework.web.servlet.ModelAndView org.springframework.boot.autoconfigure.web.servlet.error.BasicErrorController.errorHtml(javax.servlet.http.HttpServletRequest,javax.servlet.http.HttpServletResponse)
14-08-2018 15:49:26.388 [main] INFO  o.s.w.s.h.SimpleUrlHandlerMapping.registerHandler - Mapped URL path [/webjars/**] onto handler of type [class org.springframework.web.servlet.resource.ResourceHttpRequestHandler]
14-08-2018 15:49:26.393 [main] INFO  o.s.w.s.h.SimpleUrlHandlerMapping.registerHandler - Mapped URL path [/**] onto handler of type [class org.springframework.web.servlet.resource.ResourceHttpRequestHandler]
14-08-2018 15:49:26.797 [main] INFO  c.c.b.BookingServiceTest.logStarted - Started BookingServiceTest in 2.528 seconds (JVM running for 3.622)
14-08-2018 15:49:27.285 [main] INFO  BookingServiceImpl.class.bookResort - BookingServiceImpl: Executing bookResort method.
14-08-2018 15:49:27.297 [Thread-2] INFO  o.s.w.c.s.GenericWebApplicationContext.doClose - Closing org.springframework.web.context.support.GenericWebApplicationContext@68c9133c: startup date [Tue Aug 14 15:49:24 IST 2018]; root of context hierarchy
14-08-2018 15:49:34.398 [main] INFO  c.c.b.BookingServiceTest.logStarting - Starting BookingServiceTest on DIN34002994 with PID 2096 (started by sogour in C:\Users\sogour\Documents\workspace-sts-3.9.4.RELEASE\myApp)
14-08-2018 15:49:34.400 [main] INFO  c.c.b.BookingServiceTest.logStartupProfileInfo - No active profile set, falling back to default profiles: default
14-08-2018 15:49:34.437 [main] INFO  o.s.w.c.s.GenericWebApplicationContext.prepareRefresh - Refreshing org.springframework.web.context.support.GenericWebApplicationContext@68c9133c: startup date [Tue Aug 14 15:49:34 IST 2018]; root of context hierarchy
14-08-2018 15:49:35.839 [main] INFO  o.s.w.s.h.SimpleUrlHandlerMapping.registerHandler - Mapped URL path [/**/favicon.ico] onto handler of type [class org.springframework.web.servlet.resource.ResourceHttpRequestHandler]
14-08-2018 15:49:36.013 [main] INFO  o.s.w.s.m.m.a.RequestMappingHandlerAdapter.initControllerAdviceCache - Looking for @ControllerAdvice: org.springframework.web.context.support.GenericWebApplicationContext@68c9133c: startup date [Tue Aug 14 15:49:34 IST 2018]; root of context hierarchy
14-08-2018 15:49:36.093 [main] INFO  o.s.w.s.m.m.a.RequestMappingHandlerMapping.register - Mapped "{[/booking/resort/{guestID}],methods=[POST]}" onto public org.springframework.http.ResponseEntity<java.lang.Object> com.cg.restcontroller.BookingController.bookResort(com.cg.entities.Resort,long)
14-08-2018 15:49:36.096 [main] INFO  o.s.w.s.m.m.a.RequestMappingHandlerMapping.register - Mapped "{[/booking/update/resort/{resortBookingId}],methods=[PUT]}" onto public org.springframework.http.ResponseEntity<java.lang.Object> com.cg.restcontroller.BookingController.updateBookResort(com.cg.entities.Resort,long)
14-08-2018 15:49:36.097 [main] INFO  o.s.w.s.m.m.a.RequestMappingHandlerMapping.register - Mapped "{[/booking/cancel/resort/{resortBookingId}],methods=[PUT]}" onto public org.springframework.http.ResponseEntity<java.lang.Object> com.cg.restcontroller.BookingController.cancelBookResort(long)
14-08-2018 15:49:36.098 [main] INFO  o.s.w.s.m.m.a.RequestMappingHandlerMapping.register - Mapped "{[/booking/cancel/dining/{diningBookingId}],methods=[PUT]}" onto public org.springframework.http.ResponseEntity<java.lang.Object> com.cg.restcontroller.BookingController.cancelBookedDining(long)
14-08-2018 15:49:36.098 [main] INFO  o.s.w.s.m.m.a.RequestMappingHandlerMapping.register - Mapped "{[/booking/update/dining/{diningBookingId}],methods=[PUT]}" onto public org.springframework.http.ResponseEntity<java.lang.Object> com.cg.restcontroller.BookingController.updateBookedDining(com.cg.entities.Dining,long)
14-08-2018 15:49:36.099 [main] INFO  o.s.w.s.m.m.a.RequestMappingHandlerMapping.register - Mapped "{[/booking/dining/{guestID}],methods=[POST]}" onto public org.springframework.http.ResponseEntity<java.lang.Object> com.cg.restcontroller.BookingController.bookDining(com.cg.entities.Dining,long)
14-08-2018 15:49:36.102 [main] INFO  o.s.w.s.m.m.a.RequestMappingHandlerMapping.register - Mapped "{[/guest/register],methods=[POST]}" onto public org.springframework.http.ResponseEntity<java.lang.Object> com.cg.restcontroller.GuestController.registerGuest(com.cg.entities.Guest)
14-08-2018 15:49:36.103 [main] INFO  o.s.w.s.m.m.a.RequestMappingHandlerMapping.register - Mapped "{[/guest/update/{guestID}],methods=[PUT]}" onto public org.springframework.http.ResponseEntity<java.lang.Object> com.cg.restcontroller.GuestController.updateGuest(com.cg.entities.Guest,long)
14-08-2018 15:49:36.104 [main] INFO  o.s.w.s.m.m.a.RequestMappingHandlerMapping.register - Mapped "{[/guest/login],methods=[POST]}" onto public org.springframework.http.ResponseEntity<java.lang.Object> com.cg.restcontroller.GuestController.loginGuest(com.cg.entities.Guest)
14-08-2018 15:49:36.105 [main] INFO  o.s.w.s.m.m.a.RequestMappingHandlerMapping.register - Mapped "{[/guest/view/{guestID}],methods=[GET]}" onto public java.util.List<java.lang.Object> com.cg.restcontroller.GuestController.viewItenarary(long)
14-08-2018 15:49:36.107 [main] INFO  o.s.w.s.m.m.a.RequestMappingHandlerMapping.register - Mapped "{[/error]}" onto public org.springframework.http.ResponseEntity<java.util.Map<java.lang.String, java.lang.Object>> org.springframework.boot.autoconfigure.web.servlet.error.BasicErrorController.error(javax.servlet.http.HttpServletRequest)
14-08-2018 15:49:36.108 [main] INFO  o.s.w.s.m.m.a.RequestMappingHandlerMapping.register - Mapped "{[/error],produces=[text/html]}" onto public org.springframework.web.servlet.ModelAndView org.springframework.boot.autoconfigure.web.servlet.error.BasicErrorController.errorHtml(javax.servlet.http.HttpServletRequest,javax.servlet.http.HttpServletResponse)
14-08-2018 15:49:36.138 [main] INFO  o.s.w.s.h.SimpleUrlHandlerMapping.registerHandler - Mapped URL path [/webjars/**] onto handler of type [class org.springframework.web.servlet.resource.ResourceHttpRequestHandler]
14-08-2018 15:49:36.139 [main] INFO  o.s.w.s.h.SimpleUrlHandlerMapping.registerHandler - Mapped URL path [/**] onto handler of type [class org.springframework.web.servlet.resource.ResourceHttpRequestHandler]
14-08-2018 15:49:36.442 [main] INFO  c.c.b.BookingServiceTest.logStarted - Started BookingServiceTest in 2.328 seconds (JVM running for 3.41)
14-08-2018 15:49:36.887 [main] INFO  BookingServiceImpl.class.updateBookResort - BookingServiceImpl: Executing updateBookResort method.
14-08-2018 15:49:36.897 [Thread-2] INFO  o.s.w.c.s.GenericWebApplicationContext.doClose - Closing org.springframework.web.context.support.GenericWebApplicationContext@68c9133c: startup date [Tue Aug 14 15:49:34 IST 2018]; root of context hierarchy
14-08-2018 15:49:46.395 [main] INFO  c.c.b.BookingServiceTest.logStarting - Starting BookingServiceTest on DIN34002994 with PID 4200 (started by sogour in C:\Users\sogour\Documents\workspace-sts-3.9.4.RELEASE\myApp)
14-08-2018 15:49:46.413 [main] INFO  c.c.b.BookingServiceTest.logStartupProfileInfo - No active profile set, falling back to default profiles: default
14-08-2018 15:49:46.444 [main] INFO  o.s.w.c.s.GenericWebApplicationContext.prepareRefresh - Refreshing org.springframework.web.context.support.GenericWebApplicationContext@68c9133c: startup date [Tue Aug 14 15:49:46 IST 2018]; root of context hierarchy
14-08-2018 15:49:47.844 [main] INFO  o.s.w.s.h.SimpleUrlHandlerMapping.registerHandler - Mapped URL path [/**/favicon.ico] onto handler of type [class org.springframework.web.servlet.resource.ResourceHttpRequestHandler]
14-08-2018 15:49:48.018 [main] INFO  o.s.w.s.m.m.a.RequestMappingHandlerAdapter.initControllerAdviceCache - Looking for @ControllerAdvice: org.springframework.web.context.support.GenericWebApplicationContext@68c9133c: startup date [Tue Aug 14 15:49:46 IST 2018]; root of context hierarchy
14-08-2018 15:49:48.140 [main] INFO  o.s.w.s.m.m.a.RequestMappingHandlerMapping.register - Mapped "{[/booking/resort/{guestID}],methods=[POST]}" onto public org.springframework.http.ResponseEntity<java.lang.Object> com.cg.restcontroller.BookingController.bookResort(com.cg.entities.Resort,long)
14-08-2018 15:49:48.149 [main] INFO  o.s.w.s.m.m.a.RequestMappingHandlerMapping.register - Mapped "{[/booking/update/resort/{resortBookingId}],methods=[PUT]}" onto public org.springframework.http.ResponseEntity<java.lang.Object> com.cg.restcontroller.BookingController.updateBookResort(com.cg.entities.Resort,long)
14-08-2018 15:49:48.150 [main] INFO  o.s.w.s.m.m.a.RequestMappingHandlerMapping.register - Mapped "{[/booking/cancel/resort/{resortBookingId}],methods=[PUT]}" onto public org.springframework.http.ResponseEntity<java.lang.Object> com.cg.restcontroller.BookingController.cancelBookResort(long)
14-08-2018 15:49:48.151 [main] INFO  o.s.w.s.m.m.a.RequestMappingHandlerMapping.register - Mapped "{[/booking/update/dining/{diningBookingId}],methods=[PUT]}" onto public org.springframework.http.ResponseEntity<java.lang.Object> com.cg.restcontroller.BookingController.updateBookedDining(com.cg.entities.Dining,long)
14-08-2018 15:49:48.152 [main] INFO  o.s.w.s.m.m.a.RequestMappingHandlerMapping.register - Mapped "{[/booking/cancel/dining/{diningBookingId}],methods=[PUT]}" onto public org.springframework.http.ResponseEntity<java.lang.Object> com.cg.restcontroller.BookingController.cancelBookedDining(long)
14-08-2018 15:49:48.154 [main] INFO  o.s.w.s.m.m.a.RequestMappingHandlerMapping.register - Mapped "{[/booking/dining/{guestID}],methods=[POST]}" onto public org.springframework.http.ResponseEntity<java.lang.Object> com.cg.restcontroller.BookingController.bookDining(com.cg.entities.Dining,long)
14-08-2018 15:49:48.158 [main] INFO  o.s.w.s.m.m.a.RequestMappingHandlerMapping.register - Mapped "{[/guest/view/{guestID}],methods=[GET]}" onto public java.util.List<java.lang.Object> com.cg.restcontroller.GuestController.viewItenarary(long)
14-08-2018 15:49:48.160 [main] INFO  o.s.w.s.m.m.a.RequestMappingHandlerMapping.register - Mapped "{[/guest/register],methods=[POST]}" onto public org.springframework.http.ResponseEntity<java.lang.Object> com.cg.restcontroller.GuestController.registerGuest(com.cg.entities.Guest)
14-08-2018 15:49:48.161 [main] INFO  o.s.w.s.m.m.a.RequestMappingHandlerMapping.register - Mapped "{[/guest/update/{guestID}],methods=[PUT]}" onto public org.springframework.http.ResponseEntity<java.lang.Object> com.cg.restcontroller.GuestController.updateGuest(com.cg.entities.Guest,long)
14-08-2018 15:49:48.161 [main] INFO  o.s.w.s.m.m.a.RequestMappingHandlerMapping.register - Mapped "{[/guest/login],methods=[POST]}" onto public org.springframework.http.ResponseEntity<java.lang.Object> com.cg.restcontroller.GuestController.loginGuest(com.cg.entities.Guest)
14-08-2018 15:49:48.165 [main] INFO  o.s.w.s.m.m.a.RequestMappingHandlerMapping.register - Mapped "{[/error]}" onto public org.springframework.http.ResponseEntity<java.util.Map<java.lang.String, java.lang.Object>> org.springframework.boot.autoconfigure.web.servlet.error.BasicErrorController.error(javax.servlet.http.HttpServletRequest)
14-08-2018 15:49:48.167 [main] INFO  o.s.w.s.m.m.a.RequestMappingHandlerMapping.register - Mapped "{[/error],produces=[text/html]}" onto public org.springframework.web.servlet.ModelAndView org.springframework.boot.autoconfigure.web.servlet.error.BasicErrorController.errorHtml(javax.servlet.http.HttpServletRequest,javax.servlet.http.HttpServletResponse)
14-08-2018 15:49:48.209 [main] INFO  o.s.w.s.h.SimpleUrlHandlerMapping.registerHandler - Mapped URL path [/webjars/**] onto handler of type [class org.springframework.web.servlet.resource.ResourceHttpRequestHandler]
14-08-2018 15:49:48.209 [main] INFO  o.s.w.s.h.SimpleUrlHandlerMapping.registerHandler - Mapped URL path [/**] onto handler of type [class org.springframework.web.servlet.resource.ResourceHttpRequestHandler]
14-08-2018 15:49:48.726 [main] INFO  c.c.b.BookingServiceTest.logStarted - Started BookingServiceTest in 2.613 seconds (JVM running for 3.703)
14-08-2018 15:49:49.177 [main] INFO  BookingServiceImpl.class.cancelBookResort - BookingServiceImpl: Executing cancelBookResort method.
14-08-2018 15:49:49.190 [Thread-2] INFO  o.s.w.c.s.GenericWebApplicationContext.doClose - Closing org.springframework.web.context.support.GenericWebApplicationContext@68c9133c: startup date [Tue Aug 14 15:49:46 IST 2018]; root of context hierarchy
14-08-2018 15:50:12.951 [main] INFO  c.c.b.BookingServiceTest.logStarting - Starting BookingServiceTest on DIN34002994 with PID 7696 (started by sogour in C:\Users\sogour\Documents\workspace-sts-3.9.4.RELEASE\myApp)
14-08-2018 15:50:12.953 [main] INFO  c.c.b.BookingServiceTest.logStartupProfileInfo - No active profile set, falling back to default profiles: default
14-08-2018 15:50:12.978 [main] INFO  o.s.w.c.s.GenericWebApplicationContext.prepareRefresh - Refreshing org.springframework.web.context.support.GenericWebApplicationContext@68c9133c: startup date [Tue Aug 14 15:50:12 IST 2018]; root of context hierarchy
14-08-2018 15:50:14.690 [main] INFO  o.s.w.s.h.SimpleUrlHandlerMapping.registerHandler - Mapped URL path [/**/favicon.ico] onto handler of type [class org.springframework.web.servlet.resource.ResourceHttpRequestHandler]
14-08-2018 15:50:14.875 [main] INFO  o.s.w.s.m.m.a.RequestMappingHandlerAdapter.initControllerAdviceCache - Looking for @ControllerAdvice: org.springframework.web.context.support.GenericWebApplicationContext@68c9133c: startup date [Tue Aug 14 15:50:12 IST 2018]; root of context hierarchy
14-08-2018 15:50:14.973 [main] INFO  o.s.w.s.m.m.a.RequestMappingHandlerMapping.register - Mapped "{[/booking/resort/{guestID}],methods=[POST]}" onto public org.springframework.http.ResponseEntity<java.lang.Object> com.cg.restcontroller.BookingController.bookResort(com.cg.entities.Resort,long)
14-08-2018 15:50:14.983 [main] INFO  o.s.w.s.m.m.a.RequestMappingHandlerMapping.register - Mapped "{[/booking/update/resort/{resortBookingId}],methods=[PUT]}" onto public org.springframework.http.ResponseEntity<java.lang.Object> com.cg.restcontroller.BookingController.updateBookResort(com.cg.entities.Resort,long)
14-08-2018 15:50:14.984 [main] INFO  o.s.w.s.m.m.a.RequestMappingHandlerMapping.register - Mapped "{[/booking/cancel/resort/{resortBookingId}],methods=[PUT]}" onto public org.springframework.http.ResponseEntity<java.lang.Object> com.cg.restcontroller.BookingController.cancelBookResort(long)
14-08-2018 15:50:14.985 [main] INFO  o.s.w.s.m.m.a.RequestMappingHandlerMapping.register - Mapped "{[/booking/cancel/dining/{diningBookingId}],methods=[PUT]}" onto public org.springframework.http.ResponseEntity<java.lang.Object> com.cg.restcontroller.BookingController.cancelBookedDining(long)
14-08-2018 15:50:14.987 [main] INFO  o.s.w.s.m.m.a.RequestMappingHandlerMapping.register - Mapped "{[/booking/update/dining/{diningBookingId}],methods=[PUT]}" onto public org.springframework.http.ResponseEntity<java.lang.Object> com.cg.restcontroller.BookingController.updateBookedDining(com.cg.entities.Dining,long)
14-08-2018 15:50:14.988 [main] INFO  o.s.w.s.m.m.a.RequestMappingHandlerMapping.register - Mapped "{[/booking/dining/{guestID}],methods=[POST]}" onto public org.springframework.http.ResponseEntity<java.lang.Object> com.cg.restcontroller.BookingController.bookDining(com.cg.entities.Dining,long)
14-08-2018 15:50:14.992 [main] INFO  o.s.w.s.m.m.a.RequestMappingHandlerMapping.register - Mapped "{[/guest/register],methods=[POST]}" onto public org.springframework.http.ResponseEntity<java.lang.Object> com.cg.restcontroller.GuestController.registerGuest(com.cg.entities.Guest)
14-08-2018 15:50:14.995 [main] INFO  o.s.w.s.m.m.a.RequestMappingHandlerMapping.register - Mapped "{[/guest/update/{guestID}],methods=[PUT]}" onto public org.springframework.http.ResponseEntity<java.lang.Object> com.cg.restcontroller.GuestController.updateGuest(com.cg.entities.Guest,long)
14-08-2018 15:50:14.996 [main] INFO  o.s.w.s.m.m.a.RequestMappingHandlerMapping.register - Mapped "{[/guest/login],methods=[POST]}" onto public org.springframework.http.ResponseEntity<java.lang.Object> com.cg.restcontroller.GuestController.loginGuest(com.cg.entities.Guest)
14-08-2018 15:50:14.996 [main] INFO  o.s.w.s.m.m.a.RequestMappingHandlerMapping.register - Mapped "{[/guest/view/{guestID}],methods=[GET]}" onto public java.util.List<java.lang.Object> com.cg.restcontroller.GuestController.viewItenarary(long)
14-08-2018 15:50:15.001 [main] INFO  o.s.w.s.m.m.a.RequestMappingHandlerMapping.register - Mapped "{[/error]}" onto public org.springframework.http.ResponseEntity<java.util.Map<java.lang.String, java.lang.Object>> org.springframework.boot.autoconfigure.web.servlet.error.BasicErrorController.error(javax.servlet.http.HttpServletRequest)
14-08-2018 15:50:15.005 [main] INFO  o.s.w.s.m.m.a.RequestMappingHandlerMapping.register - Mapped "{[/error],produces=[text/html]}" onto public org.springframework.web.servlet.ModelAndView org.springframework.boot.autoconfigure.web.servlet.error.BasicErrorController.errorHtml(javax.servlet.http.HttpServletRequest,javax.servlet.http.HttpServletResponse)
14-08-2018 15:50:15.047 [main] INFO  o.s.w.s.h.SimpleUrlHandlerMapping.registerHandler - Mapped URL path [/webjars/**] onto handler of type [class org.springframework.web.servlet.resource.ResourceHttpRequestHandler]
14-08-2018 15:50:15.047 [main] INFO  o.s.w.s.h.SimpleUrlHandlerMapping.registerHandler - Mapped URL path [/**] onto handler of type [class org.springframework.web.servlet.resource.ResourceHttpRequestHandler]
14-08-2018 15:50:15.370 [main] INFO  c.c.b.BookingServiceTest.logStarted - Started BookingServiceTest in 2.726 seconds (JVM running for 3.842)
14-08-2018 15:50:15.809 [main] INFO  BookingServiceImpl.class.cancelBookResort - BookingServiceImpl: Executing cancelBookResort method.
14-08-2018 15:50:15.819 [Thread-2] INFO  o.s.w.c.s.GenericWebApplicationContext.doClose - Closing org.springframework.web.context.support.GenericWebApplicationContext@68c9133c: startup date [Tue Aug 14 15:50:12 IST 2018]; root of context hierarchy
14-08-2018 18:13:11.357 [main] INFO  c.c.b.BookingServiceTest.logStarting - Starting BookingServiceTest on DIN34002994 with PID 5480 (started by sogour in C:\Users\sogour\Documents\workspace-sts-3.9.4.RELEASE\myApp)
14-08-2018 18:13:11.359 [main] INFO  c.c.b.BookingServiceTest.logStartupProfileInfo - No active profile set, falling back to default profiles: default
14-08-2018 18:13:11.387 [main] INFO  o.s.w.c.s.GenericWebApplicationContext.prepareRefresh - Refreshing org.springframework.web.context.support.GenericWebApplicationContext@2cb4893b: startup date [Tue Aug 14 18:13:11 IST 2018]; root of context hierarchy
14-08-2018 18:13:12.748 [main] INFO  o.s.w.s.h.SimpleUrlHandlerMapping.registerHandler - Mapped URL path [/**/favicon.ico] onto handler of type [class org.springframework.web.servlet.resource.ResourceHttpRequestHandler]
14-08-2018 18:13:12.923 [main] INFO  o.s.w.s.m.m.a.RequestMappingHandlerAdapter.initControllerAdviceCache - Looking for @ControllerAdvice: org.springframework.web.context.support.GenericWebApplicationContext@2cb4893b: startup date [Tue Aug 14 18:13:11 IST 2018]; root of context hierarchy
14-08-2018 18:13:12.998 [main] INFO  o.s.w.s.m.m.a.RequestMappingHandlerMapping.register - Mapped "{[/booking/update/dining/{diningBookingId}],methods=[PUT]}" onto public org.springframework.http.ResponseEntity<java.lang.Object> com.cg.restcontroller.BookingController.updateBookedDining(com.cg.entities.Dining,long)
14-08-2018 18:13:12.999 [main] INFO  o.s.w.s.m.m.a.RequestMappingHandlerMapping.register - Mapped "{[/booking/cancel/dining/{diningBookingId}],methods=[PUT]}" onto public org.springframework.http.ResponseEntity<java.lang.Object> com.cg.restcontroller.BookingController.cancelBookedDining(long)
14-08-2018 18:13:13.000 [main] INFO  o.s.w.s.m.m.a.RequestMappingHandlerMapping.register - Mapped "{[/booking/update/resort/{resortBookingId}],methods=[PUT]}" onto public org.springframework.http.ResponseEntity<java.lang.Object> com.cg.restcontroller.BookingController.updateBookResort(com.cg.entities.Resort,long)
14-08-2018 18:13:13.001 [main] INFO  o.s.w.s.m.m.a.RequestMappingHandlerMapping.register - Mapped "{[/booking/cancel/resort/{resortBookingId}],methods=[PUT]}" onto public org.springframework.http.ResponseEntity<java.lang.Object> com.cg.restcontroller.BookingController.cancelBookResort(long)
14-08-2018 18:13:13.002 [main] INFO  o.s.w.s.m.m.a.RequestMappingHandlerMapping.register - Mapped "{[/booking/dining/{guestID}],methods=[POST]}" onto public org.springframework.http.ResponseEntity<java.lang.Object> com.cg.restcontroller.BookingController.bookDining(com.cg.entities.Dining,long)
14-08-2018 18:13:13.003 [main] INFO  o.s.w.s.m.m.a.RequestMappingHandlerMapping.register - Mapped "{[/booking/resort/{guestID}],methods=[POST]}" onto public org.springframework.http.ResponseEntity<java.lang.Object> com.cg.restcontroller.BookingController.bookResort(com.cg.entities.Resort,long)
14-08-2018 18:13:13.007 [main] INFO  o.s.w.s.m.m.a.RequestMappingHandlerMapping.register - Mapped "{[/guest/register],methods=[POST]}" onto public org.springframework.http.ResponseEntity<java.lang.Object> com.cg.restcontroller.GuestController.registerGuest(com.cg.entities.Guest)
14-08-2018 18:13:13.009 [main] INFO  o.s.w.s.m.m.a.RequestMappingHandlerMapping.register - Mapped "{[/guest/update/{guestID}],methods=[PUT]}" onto public org.springframework.http.ResponseEntity<java.lang.Object> com.cg.restcontroller.GuestController.updateGuest(com.cg.entities.Guest,long)
14-08-2018 18:13:13.010 [main] INFO  o.s.w.s.m.m.a.RequestMappingHandlerMapping.register - Mapped "{[/guest/login],methods=[POST]}" onto public org.springframework.http.ResponseEntity<java.lang.Object> com.cg.restcontroller.GuestController.loginGuest(com.cg.entities.Guest)
14-08-2018 18:13:13.010 [main] INFO  o.s.w.s.m.m.a.RequestMappingHandlerMapping.register - Mapped "{[/guest/view/{guestID}],methods=[GET]}" onto public java.util.List<java.lang.Object> com.cg.restcontroller.GuestController.viewItenarary(long)
14-08-2018 18:13:13.013 [main] INFO  o.s.w.s.m.m.a.RequestMappingHandlerMapping.register - Mapped "{[/error]}" onto public org.springframework.http.ResponseEntity<java.util.Map<java.lang.String, java.lang.Object>> org.springframework.boot.autoconfigure.web.servlet.error.BasicErrorController.error(javax.servlet.http.HttpServletRequest)
14-08-2018 18:13:13.014 [main] INFO  o.s.w.s.m.m.a.RequestMappingHandlerMapping.register - Mapped "{[/error],produces=[text/html]}" onto public org.springframework.web.servlet.ModelAndView org.springframework.boot.autoconfigure.web.servlet.error.BasicErrorController.errorHtml(javax.servlet.http.HttpServletRequest,javax.servlet.http.HttpServletResponse)
14-08-2018 18:13:13.045 [main] INFO  o.s.w.s.h.SimpleUrlHandlerMapping.registerHandler - Mapped URL path [/webjars/**] onto handler of type [class org.springframework.web.servlet.resource.ResourceHttpRequestHandler]
14-08-2018 18:13:13.045 [main] INFO  o.s.w.s.h.SimpleUrlHandlerMapping.registerHandler - Mapped URL path [/**] onto handler of type [class org.springframework.web.servlet.resource.ResourceHttpRequestHandler]
14-08-2018 18:13:13.371 [main] INFO  c.c.b.BookingServiceTest.logStarted - Started BookingServiceTest in 2.326 seconds (JVM running for 3.511)
14-08-2018 18:13:13.900 [main] INFO  BookingServiceImpl.class.cancelBookedDining - BookingServiceImpl: Executing cancelBookResort method.
14-08-2018 18:13:13.910 [Thread-2] INFO  o.s.w.c.s.GenericWebApplicationContext.doClose - Closing org.springframework.web.context.support.GenericWebApplicationContext@2cb4893b: startup date [Tue Aug 14 18:13:11 IST 2018]; root of context hierarchy
14-08-2018 18:22:22.587 [main] INFO  c.c.b.BookingServiceTest.logStarting - Starting BookingServiceTest on DIN34002994 with PID 8752 (started by sogour in C:\Users\sogour\Documents\workspace-sts-3.9.4.RELEASE\myApp)
14-08-2018 18:22:22.589 [main] INFO  c.c.b.BookingServiceTest.logStartupProfileInfo - No active profile set, falling back to default profiles: default
14-08-2018 18:22:22.618 [main] INFO  o.s.w.c.s.GenericWebApplicationContext.prepareRefresh - Refreshing org.springframework.web.context.support.GenericWebApplicationContext@cc43f62: startup date [Tue Aug 14 18:22:22 IST 2018]; root of context hierarchy
14-08-2018 18:22:24.116 [main] INFO  o.s.w.s.h.SimpleUrlHandlerMapping.registerHandler - Mapped URL path [/**/favicon.ico] onto handler of type [class org.springframework.web.servlet.resource.ResourceHttpRequestHandler]
14-08-2018 18:22:24.302 [main] INFO  o.s.w.s.m.m.a.RequestMappingHandlerAdapter.initControllerAdviceCache - Looking for @ControllerAdvice: org.springframework.web.context.support.GenericWebApplicationContext@cc43f62: startup date [Tue Aug 14 18:22:22 IST 2018]; root of context hierarchy
14-08-2018 18:22:24.371 [main] INFO  o.s.w.s.m.m.a.RequestMappingHandlerMapping.register - Mapped "{[/booking/resort/{guestID}],methods=[POST]}" onto public org.springframework.http.ResponseEntity<java.lang.Object> com.cg.restcontroller.BookingController.bookResort(com.cg.entities.Resort,long)
14-08-2018 18:22:24.372 [main] INFO  o.s.w.s.m.m.a.RequestMappingHandlerMapping.register - Mapped "{[/booking/update/resort/{resortBookingId}],methods=[PUT]}" onto public org.springframework.http.ResponseEntity<java.lang.Object> com.cg.restcontroller.BookingController.updateBookResort(com.cg.entities.Resort,long)
14-08-2018 18:22:24.373 [main] INFO  o.s.w.s.m.m.a.RequestMappingHandlerMapping.register - Mapped "{[/booking/cancel/resort/{resortBookingId}],methods=[PUT]}" onto public org.springframework.http.ResponseEntity<java.lang.Object> com.cg.restcontroller.BookingController.cancelBookResort(long)
14-08-2018 18:22:24.374 [main] INFO  o.s.w.s.m.m.a.RequestMappingHandlerMapping.register - Mapped "{[/booking/dining/{guestID}],methods=[POST]}" onto public org.springframework.http.ResponseEntity<java.lang.Object> com.cg.restcontroller.BookingController.bookDining(com.cg.entities.Dining,long)
14-08-2018 18:22:24.375 [main] INFO  o.s.w.s.m.m.a.RequestMappingHandlerMapping.register - Mapped "{[/booking/update/dining/{diningBookingId}],methods=[PUT]}" onto public org.springframework.http.ResponseEntity<java.lang.Object> com.cg.restcontroller.BookingController.updateBookedDining(com.cg.entities.Dining,long)
14-08-2018 18:22:24.376 [main] INFO  o.s.w.s.m.m.a.RequestMappingHandlerMapping.register - Mapped "{[/booking/cancel/dining/{diningBookingId}],methods=[PUT]}" onto public org.springframework.http.ResponseEntity<java.lang.Object> com.cg.restcontroller.BookingController.cancelBookedDining(long)
14-08-2018 18:22:24.378 [main] INFO  o.s.w.s.m.m.a.RequestMappingHandlerMapping.register - Mapped "{[/guest/register],methods=[POST]}" onto public org.springframework.http.ResponseEntity<java.lang.Object> com.cg.restcontroller.GuestController.registerGuest(com.cg.entities.Guest)
14-08-2018 18:22:24.379 [main] INFO  o.s.w.s.m.m.a.RequestMappingHandlerMapping.register - Mapped "{[/guest/update/{guestID}],methods=[PUT]}" onto public org.springframework.http.ResponseEntity<java.lang.Object> com.cg.restcontroller.GuestController.updateGuest(com.cg.entities.Guest,long)
14-08-2018 18:22:24.380 [main] INFO  o.s.w.s.m.m.a.RequestMappingHandlerMapping.register - Mapped "{[/guest/login],methods=[POST]}" onto public org.springframework.http.ResponseEntity<java.lang.Object> com.cg.restcontroller.GuestController.loginGuest(com.cg.entities.Guest)
14-08-2018 18:22:24.380 [main] INFO  o.s.w.s.m.m.a.RequestMappingHandlerMapping.register - Mapped "{[/guest/view/{guestID}],methods=[GET]}" onto public java.util.List<java.lang.Object> com.cg.restcontroller.GuestController.viewItenarary(long)
14-08-2018 18:22:24.382 [main] INFO  o.s.w.s.m.m.a.RequestMappingHandlerMapping.register - Mapped "{[/error]}" onto public org.springframework.http.ResponseEntity<java.util.Map<java.lang.String, java.lang.Object>> org.springframework.boot.autoconfigure.web.servlet.error.BasicErrorController.error(javax.servlet.http.HttpServletRequest)
14-08-2018 18:22:24.383 [main] INFO  o.s.w.s.m.m.a.RequestMappingHandlerMapping.register - Mapped "{[/error],produces=[text/html]}" onto public org.springframework.web.servlet.ModelAndView org.springframework.boot.autoconfigure.web.servlet.error.BasicErrorController.errorHtml(javax.servlet.http.HttpServletRequest,javax.servlet.http.HttpServletResponse)
14-08-2018 18:22:24.407 [main] INFO  o.s.w.s.h.SimpleUrlHandlerMapping.registerHandler - Mapped URL path [/webjars/**] onto handler of type [class org.springframework.web.servlet.resource.ResourceHttpRequestHandler]
14-08-2018 18:22:24.407 [main] INFO  o.s.w.s.h.SimpleUrlHandlerMapping.registerHandler - Mapped URL path [/**] onto handler of type [class org.springframework.web.servlet.resource.ResourceHttpRequestHandler]
14-08-2018 18:22:24.671 [main] INFO  c.c.b.BookingServiceTest.logStarted - Started BookingServiceTest in 2.365 seconds (JVM running for 3.515)
14-08-2018 18:22:25.125 [Thread-2] INFO  o.s.w.c.s.GenericWebApplicationContext.doClose - Closing org.springframework.web.context.support.GenericWebApplicationContext@cc43f62: startup date [Tue Aug 14 18:22:22 IST 2018]; root of context hierarchy
14-08-2018 18:22:45.103 [main] INFO  c.c.b.BookingServiceTest.logStarting - Starting BookingServiceTest on DIN34002994 with PID 3420 (started by sogour in C:\Users\sogour\Documents\workspace-sts-3.9.4.RELEASE\myApp)
14-08-2018 18:22:45.105 [main] INFO  c.c.b.BookingServiceTest.logStartupProfileInfo - No active profile set, falling back to default profiles: default
14-08-2018 18:22:45.140 [main] INFO  o.s.w.c.s.GenericWebApplicationContext.prepareRefresh - Refreshing org.springframework.web.context.support.GenericWebApplicationContext@cc43f62: startup date [Tue Aug 14 18:22:45 IST 2018]; root of context hierarchy
14-08-2018 18:22:46.544 [main] INFO  o.s.w.s.h.SimpleUrlHandlerMapping.registerHandler - Mapped URL path [/**/favicon.ico] onto handler of type [class org.springframework.web.servlet.resource.ResourceHttpRequestHandler]
14-08-2018 18:22:46.724 [main] INFO  o.s.w.s.m.m.a.RequestMappingHandlerAdapter.initControllerAdviceCache - Looking for @ControllerAdvice: org.springframework.web.context.support.GenericWebApplicationContext@cc43f62: startup date [Tue Aug 14 18:22:45 IST 2018]; root of context hierarchy
14-08-2018 18:22:46.794 [main] INFO  o.s.w.s.m.m.a.RequestMappingHandlerMapping.register - Mapped "{[/booking/resort/{guestID}],methods=[POST]}" onto public org.springframework.http.ResponseEntity<java.lang.Object> com.cg.restcontroller.BookingController.bookResort(com.cg.entities.Resort,long)
14-08-2018 18:22:46.796 [main] INFO  o.s.w.s.m.m.a.RequestMappingHandlerMapping.register - Mapped "{[/booking/update/resort/{resortBookingId}],methods=[PUT]}" onto public org.springframework.http.ResponseEntity<java.lang.Object> com.cg.restcontroller.BookingController.updateBookResort(com.cg.entities.Resort,long)
14-08-2018 18:22:46.797 [main] INFO  o.s.w.s.m.m.a.RequestMappingHandlerMapping.register - Mapped "{[/booking/cancel/resort/{resortBookingId}],methods=[PUT]}" onto public org.springframework.http.ResponseEntity<java.lang.Object> com.cg.restcontroller.BookingController.cancelBookResort(long)
14-08-2018 18:22:46.798 [main] INFO  o.s.w.s.m.m.a.RequestMappingHandlerMapping.register - Mapped "{[/booking/dining/{guestID}],methods=[POST]}" onto public org.springframework.http.ResponseEntity<java.lang.Object> com.cg.restcontroller.BookingController.bookDining(com.cg.entities.Dining,long)
14-08-2018 18:22:46.799 [main] INFO  o.s.w.s.m.m.a.RequestMappingHandlerMapping.register - Mapped "{[/booking/update/dining/{diningBookingId}],methods=[PUT]}" onto public org.springframework.http.ResponseEntity<java.lang.Object> com.cg.restcontroller.BookingController.updateBookedDining(com.cg.entities.Dining,long)
14-08-2018 18:22:46.799 [main] INFO  o.s.w.s.m.m.a.RequestMappingHandlerMapping.register - Mapped "{[/booking/cancel/dining/{diningBookingId}],methods=[PUT]}" onto public org.springframework.http.ResponseEntity<java.lang.Object> com.cg.restcontroller.BookingController.cancelBookedDining(long)
14-08-2018 18:22:46.803 [main] INFO  o.s.w.s.m.m.a.RequestMappingHandlerMapping.register - Mapped "{[/guest/register],methods=[POST]}" onto public org.springframework.http.ResponseEntity<java.lang.Object> com.cg.restcontroller.GuestController.registerGuest(com.cg.entities.Guest)
14-08-2018 18:22:46.803 [main] INFO  o.s.w.s.m.m.a.RequestMappingHandlerMapping.register - Mapped "{[/guest/update/{guestID}],methods=[PUT]}" onto public org.springframework.http.ResponseEntity<java.lang.Object> com.cg.restcontroller.GuestController.updateGuest(com.cg.entities.Guest,long)
14-08-2018 18:22:46.804 [main] INFO  o.s.w.s.m.m.a.RequestMappingHandlerMapping.register - Mapped "{[/guest/login],methods=[POST]}" onto public org.springframework.http.ResponseEntity<java.lang.Object> com.cg.restcontroller.GuestController.loginGuest(com.cg.entities.Guest)
14-08-2018 18:22:46.805 [main] INFO  o.s.w.s.m.m.a.RequestMappingHandlerMapping.register - Mapped "{[/guest/view/{guestID}],methods=[GET]}" onto public java.util.List<java.lang.Object> com.cg.restcontroller.GuestController.viewItenarary(long)
14-08-2018 18:22:46.807 [main] INFO  o.s.w.s.m.m.a.RequestMappingHandlerMapping.register - Mapped "{[/error]}" onto public org.springframework.http.ResponseEntity<java.util.Map<java.lang.String, java.lang.Object>> org.springframework.boot.autoconfigure.web.servlet.error.BasicErrorController.error(javax.servlet.http.HttpServletRequest)
14-08-2018 18:22:46.808 [main] INFO  o.s.w.s.m.m.a.RequestMappingHandlerMapping.register - Mapped "{[/error],produces=[text/html]}" onto public org.springframework.web.servlet.ModelAndView org.springframework.boot.autoconfigure.web.servlet.error.BasicErrorController.errorHtml(javax.servlet.http.HttpServletRequest,javax.servlet.http.HttpServletResponse)
14-08-2018 18:22:46.835 [main] INFO  o.s.w.s.h.SimpleUrlHandlerMapping.registerHandler - Mapped URL path [/webjars/**] onto handler of type [class org.springframework.web.servlet.resource.ResourceHttpRequestHandler]
14-08-2018 18:22:46.836 [main] INFO  o.s.w.s.h.SimpleUrlHandlerMapping.registerHandler - Mapped URL path [/**] onto handler of type [class org.springframework.web.servlet.resource.ResourceHttpRequestHandler]
14-08-2018 18:22:47.170 [main] INFO  c.c.b.BookingServiceTest.logStarted - Started BookingServiceTest in 2.341 seconds (JVM running for 3.458)
14-08-2018 18:22:47.618 [Thread-2] INFO  o.s.w.c.s.GenericWebApplicationContext.doClose - Closing org.springframework.web.context.support.GenericWebApplicationContext@cc43f62: startup date [Tue Aug 14 18:22:45 IST 2018]; root of context hierarchy
