01-08-2018 12:08:28.542 [main] ERROR o.s.b.c.l.LoggingApplicationListener.setLogLevel - Cannot set level: fatal,debug,info,warn for 'null'
01-08-2018 12:08:28.605 [main] INFO  com.cg.MyApplication.logStarting - Starting MyApplication on DIN34002994 with PID 8632 (started by sogour in D:\sourabh\project backups\31st july\r\project1)
01-08-2018 12:08:28.605 [main] INFO  com.cg.MyApplication.logStartupProfileInfo - No active profile set, falling back to default profiles: default
01-08-2018 12:08:28.652 [main] INFO  o.s.b.w.s.c.AnnotationConfigServletWebServerApplicationContext.prepareRefresh - Refreshing org.springframework.boot.web.servlet.context.AnnotationConfigServletWebServerApplicationContext@59d016c9: startup date [Wed Aug 01 12:08:28 IST 2018]; root of context hierarchy
01-08-2018 12:08:29.697 [main] INFO  o.s.b.w.e.tomcat.TomcatWebServer.initialize - Tomcat initialized with port(s): 9999 (http)
01-08-2018 12:08:29.698 [main] INFO  o.a.catalina.core.StandardService.log - Starting service [Tomcat]
01-08-2018 12:08:29.698 [main] INFO  o.a.catalina.core.StandardEngine.log - Starting Servlet Engine: Apache Tomcat/8.5.31
01-08-2018 12:08:29.729 [localhost-startStop-1] INFO  o.a.c.core.AprLifecycleListener.log - The APR based Apache Tomcat Native library which allows optimal performance in production environments was not found on the java.library.path: [C:\Program Files\Java\jdk1.8.0_172\bin;C:\WINDOWS\Sun\Java\bin;C:\WINDOWS\system32;C:\WINDOWS;C:/Program Files/Java/jre1.8.0_172/bin/server;C:/Program Files/Java/jre1.8.0_172/bin;C:/Program Files/Java/jre1.8.0_172/lib/amd64;C:\Program Files (x86)\Common Files\Oracle\Java\javapath;C:\WINDOWS\system32;C:\WINDOWS;C:\WINDOWS\System32\Wbem;C:\WINDOWS\System32\WindowsPowerShell\v1.0\;C:\Program Files (x86)\QuickTime\QTSystem\;C:\Program Files\CapgeminiScripts\Support Tools\;C:\WINDOWS\System32\WindowsPowerShell\v1.0\;C:\Program Files\Java\jdk1.8.0_172\bin;D:\softwares\spring-tool-suite-3.9.4.RELEASE-e4.7.3a-win32-x86_64\sts-bundle\sts-3.9.4.RELEASE;;.]
01-08-2018 12:08:29.807 [localhost-startStop-1] INFO  o.a.c.c.C.[Tomcat].[localhost].[/].log - Initializing Spring embedded WebApplicationContext
01-08-2018 12:08:29.807 [localhost-startStop-1] INFO  o.s.web.context.ContextLoader.prepareWebApplicationContext - Root WebApplicationContext: initialization completed in 1155 ms
01-08-2018 12:08:29.917 [localhost-startStop-1] INFO  o.s.b.w.s.ServletRegistrationBean.addRegistration - Servlet dispatcherServlet mapped to [/]
01-08-2018 12:08:29.917 [localhost-startStop-1] INFO  o.s.b.w.s.FilterRegistrationBean.configure - Mapping filter: 'characterEncodingFilter' to: [/*]
01-08-2018 12:08:29.917 [localhost-startStop-1] INFO  o.s.b.w.s.FilterRegistrationBean.configure - Mapping filter: 'hiddenHttpMethodFilter' to: [/*]
01-08-2018 12:08:29.917 [localhost-startStop-1] INFO  o.s.b.w.s.FilterRegistrationBean.configure - Mapping filter: 'httpPutFormContentFilter' to: [/*]
01-08-2018 12:08:29.917 [localhost-startStop-1] INFO  o.s.b.w.s.FilterRegistrationBean.configure - Mapping filter: 'requestContextFilter' to: [/*]
01-08-2018 12:08:30.104 [main] INFO  o.s.w.s.h.SimpleUrlHandlerMapping.registerHandler - Mapped URL path [/**/favicon.ico] onto handler of type [class org.springframework.web.servlet.resource.ResourceHttpRequestHandler]
01-08-2018 12:08:30.260 [main] INFO  o.s.w.s.m.m.a.RequestMappingHandlerAdapter.initControllerAdviceCache - Looking for @ControllerAdvice: org.springframework.boot.web.servlet.context.AnnotationConfigServletWebServerApplicationContext@59d016c9: startup date [Wed Aug 01 12:08:28 IST 2018]; root of context hierarchy
01-08-2018 12:08:30.291 [main] INFO  o.s.w.s.m.m.a.RequestMappingHandlerMapping.register - Mapped "{[/booking/update/resort/{resortBookingId}],methods=[PUT]}" onto public org.springframework.http.ResponseEntity<com.cg.entity.Resort> com.cg.rest.BookingController.updateBookResort(com.cg.entity.Resort,long)
01-08-2018 12:08:30.291 [main] INFO  o.s.w.s.m.m.a.RequestMappingHandlerMapping.register - Mapped "{[/booking/cancel/resort/{resortBookingId}],methods=[PUT]}" onto public org.springframework.http.ResponseEntity<com.cg.entity.Resort> com.cg.rest.BookingController.cancelBookResort(long)
01-08-2018 12:08:30.291 [main] INFO  o.s.w.s.m.m.a.RequestMappingHandlerMapping.register - Mapped "{[/booking/resort/{guestID}],methods=[POST]}" onto public org.springframework.http.ResponseEntity<com.cg.entity.Resort> com.cg.rest.BookingController.bookResort(com.cg.entity.Resort,long)
01-08-2018 12:08:30.291 [main] INFO  o.s.w.s.m.m.a.RequestMappingHandlerMapping.register - Mapped "{[/booking/update/dinning/{dinningBookingId}],methods=[PUT]}" onto public org.springframework.http.ResponseEntity<com.cg.entity.Dinning> com.cg.rest.BookingController.updateBookedDinning(com.cg.entity.Dinning,long)
01-08-2018 12:08:30.291 [main] INFO  o.s.w.s.m.m.a.RequestMappingHandlerMapping.register - Mapped "{[/booking/cancel/dinning/{dinningBookingId}],methods=[PUT]}" onto public org.springframework.http.ResponseEntity<com.cg.entity.Dinning> com.cg.rest.BookingController.cancelBookedDinning(long)
01-08-2018 12:08:30.291 [main] INFO  o.s.w.s.m.m.a.RequestMappingHandlerMapping.register - Mapped "{[/booking/dinning/{guestID}],methods=[POST]}" onto public org.springframework.http.ResponseEntity<com.cg.entity.Dinning> com.cg.rest.BookingController.bookDinning(com.cg.entity.Dinning,long)
01-08-2018 12:08:30.307 [main] INFO  o.s.w.s.m.m.a.RequestMappingHandlerMapping.register - Mapped "{[/guest/register],methods=[POST]}" onto public org.springframework.http.ResponseEntity<com.cg.entity.Guest> com.cg.rest.GuestController.createGuest(com.cg.entity.Guest)
01-08-2018 12:08:30.307 [main] INFO  o.s.w.s.m.m.a.RequestMappingHandlerMapping.register - Mapped "{[/guest/login],methods=[POST]}" onto public org.springframework.http.ResponseEntity<com.cg.entity.Guest> com.cg.rest.GuestController.processGuest(com.cg.entity.Guest)
01-08-2018 12:08:30.307 [main] INFO  o.s.w.s.m.m.a.RequestMappingHandlerMapping.register - Mapped "{[/guest/view/{guestID}],methods=[GET]}" onto public java.util.List<java.lang.Object> com.cg.rest.GuestController.viewItenarary(long)
01-08-2018 12:08:30.307 [main] INFO  o.s.w.s.m.m.a.RequestMappingHandlerMapping.register - Mapped "{[/error]}" onto public org.springframework.http.ResponseEntity<java.util.Map<java.lang.String, java.lang.Object>> org.springframework.boot.autoconfigure.web.servlet.error.BasicErrorController.error(javax.servlet.http.HttpServletRequest)
01-08-2018 12:08:30.307 [main] INFO  o.s.w.s.m.m.a.RequestMappingHandlerMapping.register - Mapped "{[/error],produces=[text/html]}" onto public org.springframework.web.servlet.ModelAndView org.springframework.boot.autoconfigure.web.servlet.error.BasicErrorController.errorHtml(javax.servlet.http.HttpServletRequest,javax.servlet.http.HttpServletResponse)
01-08-2018 12:08:30.322 [main] INFO  o.s.w.s.h.SimpleUrlHandlerMapping.registerHandler - Mapped URL path [/webjars/**] onto handler of type [class org.springframework.web.servlet.resource.ResourceHttpRequestHandler]
01-08-2018 12:08:30.322 [main] INFO  o.s.w.s.h.SimpleUrlHandlerMapping.registerHandler - Mapped URL path [/**] onto handler of type [class org.springframework.web.servlet.resource.ResourceHttpRequestHandler]
01-08-2018 12:08:30.478 [main] INFO  o.s.j.e.a.AnnotationMBeanExporter.afterSingletonsInstantiated - Registering beans for JMX exposure on startup
01-08-2018 12:08:30.478 [main] INFO  o.s.j.e.a.AnnotationMBeanExporter.autodetect - Bean with name 'dataSource' has been autodetected for JMX exposure
01-08-2018 12:08:30.494 [main] INFO  o.s.j.e.a.AnnotationMBeanExporter.registerBeanInstance - Located MBean 'dataSource': registering with JMX server as MBean [com.zaxxer.hikari:name=dataSource,type=HikariDataSource]
01-08-2018 12:08:30.525 [main] INFO  o.s.b.w.e.tomcat.TomcatWebServer.start - Tomcat started on port(s): 9999 (http) with context path ''
01-08-2018 12:08:30.525 [main] INFO  com.cg.MyApplication.logStarted - Started MyApplication in 2.17 seconds (JVM running for 2.924)
01-08-2018 12:08:30.525 [main] INFO  MyApplication.class.main - My Itinerary Application started.
01-08-2018 12:11:51.052 [RMI TCP Connection(2)-127.0.0.1] INFO  o.s.b.a.SpringApplicationAdminMXBeanRegistrar$SpringApplicationAdmin.shutdown - Application shutdown requested.
01-08-2018 12:11:51.052 [RMI TCP Connection(2)-127.0.0.1] INFO  o.s.b.w.s.c.AnnotationConfigServletWebServerApplicationContext.doClose - Closing org.springframework.boot.web.servlet.context.AnnotationConfigServletWebServerApplicationContext@59d016c9: startup date [Wed Aug 01 12:08:28 IST 2018]; root of context hierarchy
01-08-2018 12:11:51.052 [RMI TCP Connection(2)-127.0.0.1] INFO  o.s.j.e.a.AnnotationMBeanExporter.destroy - Unregistering JMX-exposed beans on shutdown
01-08-2018 12:11:51.052 [RMI TCP Connection(2)-127.0.0.1] INFO  o.s.j.e.a.AnnotationMBeanExporter.unregisterBeans - Unregistering JMX-exposed beans
01-08-2018 12:11:59.250 [main] ERROR o.s.b.c.l.LoggingApplicationListener.setLogLevel - Cannot set level: fatal,debug,info,warn for 'null'
01-08-2018 12:11:59.298 [main] INFO  com.cg.MyApplication.logStarting - Starting MyApplication on DIN34002994 with PID 9204 (started by sogour in D:\sourabh\project backups\31st july\r\project1)
01-08-2018 12:11:59.298 [main] INFO  com.cg.MyApplication.logStartupProfileInfo - No active profile set, falling back to default profiles: default
01-08-2018 12:11:59.329 [main] INFO  o.s.b.w.s.c.AnnotationConfigServletWebServerApplicationContext.prepareRefresh - Refreshing org.springframework.boot.web.servlet.context.AnnotationConfigServletWebServerApplicationContext@1f0f1111: startup date [Wed Aug 01 12:11:59 IST 2018]; root of context hierarchy
01-08-2018 12:12:00.078 [main] INFO  o.s.b.w.e.tomcat.TomcatWebServer.initialize - Tomcat initialized with port(s): 9999 (http)
01-08-2018 12:12:00.094 [main] INFO  o.a.catalina.core.StandardService.log - Starting service [Tomcat]
01-08-2018 12:12:00.094 [main] INFO  o.a.catalina.core.StandardEngine.log - Starting Servlet Engine: Apache Tomcat/8.5.31
01-08-2018 12:12:00.109 [localhost-startStop-1] INFO  o.a.c.core.AprLifecycleListener.log - The APR based Apache Tomcat Native library which allows optimal performance in production environments was not found on the java.library.path: [C:\Program Files\Java\jdk1.8.0_172\bin;C:\WINDOWS\Sun\Java\bin;C:\WINDOWS\system32;C:\WINDOWS;C:/Program Files/Java/jre1.8.0_172/bin/server;C:/Program Files/Java/jre1.8.0_172/bin;C:/Program Files/Java/jre1.8.0_172/lib/amd64;C:\Program Files (x86)\Common Files\Oracle\Java\javapath;C:\WINDOWS\system32;C:\WINDOWS;C:\WINDOWS\System32\Wbem;C:\WINDOWS\System32\WindowsPowerShell\v1.0\;C:\Program Files (x86)\QuickTime\QTSystem\;C:\Program Files\CapgeminiScripts\Support Tools\;C:\WINDOWS\System32\WindowsPowerShell\v1.0\;C:\Program Files\Java\jdk1.8.0_172\bin;D:\softwares\spring-tool-suite-3.9.4.RELEASE-e4.7.3a-win32-x86_64\sts-bundle\sts-3.9.4.RELEASE;;.]
01-08-2018 12:12:00.187 [localhost-startStop-1] INFO  o.a.c.c.C.[Tomcat].[localhost].[/].log - Initializing Spring embedded WebApplicationContext
01-08-2018 12:12:00.187 [localhost-startStop-1] INFO  o.s.web.context.ContextLoader.prepareWebApplicationContext - Root WebApplicationContext: initialization completed in 858 ms
01-08-2018 12:12:00.281 [localhost-startStop-1] INFO  o.s.b.w.s.ServletRegistrationBean.addRegistration - Servlet dispatcherServlet mapped to [/]
01-08-2018 12:12:00.281 [localhost-startStop-1] INFO  o.s.b.w.s.FilterRegistrationBean.configure - Mapping filter: 'characterEncodingFilter' to: [/*]
01-08-2018 12:12:00.282 [localhost-startStop-1] INFO  o.s.b.w.s.FilterRegistrationBean.configure - Mapping filter: 'hiddenHttpMethodFilter' to: [/*]
01-08-2018 12:12:00.282 [localhost-startStop-1] INFO  o.s.b.w.s.FilterRegistrationBean.configure - Mapping filter: 'httpPutFormContentFilter' to: [/*]
01-08-2018 12:12:00.282 [localhost-startStop-1] INFO  o.s.b.w.s.FilterRegistrationBean.configure - Mapping filter: 'requestContextFilter' to: [/*]
01-08-2018 12:12:00.469 [main] INFO  o.s.w.s.h.SimpleUrlHandlerMapping.registerHandler - Mapped URL path [/**/favicon.ico] onto handler of type [class org.springframework.web.servlet.resource.ResourceHttpRequestHandler]
01-08-2018 12:12:00.610 [main] INFO  o.s.w.s.m.m.a.RequestMappingHandlerAdapter.initControllerAdviceCache - Looking for @ControllerAdvice: org.springframework.boot.web.servlet.context.AnnotationConfigServletWebServerApplicationContext@1f0f1111: startup date [Wed Aug 01 12:11:59 IST 2018]; root of context hierarchy
01-08-2018 12:12:00.641 [main] INFO  o.s.w.s.m.m.a.RequestMappingHandlerMapping.register - Mapped "{[/booking/resort/{guestID}],methods=[POST]}" onto public org.springframework.http.ResponseEntity<com.cg.entity.Resort> com.cg.rest.BookingController.bookResort(com.cg.entity.Resort,long)
01-08-2018 12:12:00.641 [main] INFO  o.s.w.s.m.m.a.RequestMappingHandlerMapping.register - Mapped "{[/booking/update/resort/{resortBookingId}],methods=[PUT]}" onto public org.springframework.http.ResponseEntity<com.cg.entity.Resort> com.cg.rest.BookingController.updateBookResort(com.cg.entity.Resort,long)
01-08-2018 12:12:00.641 [main] INFO  o.s.w.s.m.m.a.RequestMappingHandlerMapping.register - Mapped "{[/booking/cancel/resort/{resortBookingId}],methods=[PUT]}" onto public org.springframework.http.ResponseEntity<com.cg.entity.Resort> com.cg.rest.BookingController.cancelBookResort(long)
01-08-2018 12:12:00.641 [main] INFO  o.s.w.s.m.m.a.RequestMappingHandlerMapping.register - Mapped "{[/booking/dinning/{guestID}],methods=[POST]}" onto public org.springframework.http.ResponseEntity<com.cg.entity.Dinning> com.cg.rest.BookingController.bookDinning(com.cg.entity.Dinning,long)
01-08-2018 12:12:00.656 [main] INFO  o.s.w.s.m.m.a.RequestMappingHandlerMapping.register - Mapped "{[/booking/update/dinning/{dinningBookingId}],methods=[PUT]}" onto public org.springframework.http.ResponseEntity<com.cg.entity.Dinning> com.cg.rest.BookingController.updateBookedDinning(com.cg.entity.Dinning,long)
01-08-2018 12:12:00.656 [main] INFO  o.s.w.s.m.m.a.RequestMappingHandlerMapping.register - Mapped "{[/booking/cancel/dinning/{dinningBookingId}],methods=[PUT]}" onto public org.springframework.http.ResponseEntity<com.cg.entity.Dinning> com.cg.rest.BookingController.cancelBookedDinning(long)
01-08-2018 12:12:00.656 [main] INFO  o.s.w.s.m.m.a.RequestMappingHandlerMapping.register - Mapped "{[/guest/register],methods=[POST]}" onto public org.springframework.http.ResponseEntity<com.cg.entity.Guest> com.cg.rest.GuestController.createGuest(com.cg.entity.Guest)
01-08-2018 12:12:00.656 [main] INFO  o.s.w.s.m.m.a.RequestMappingHandlerMapping.register - Mapped "{[/guest/login],methods=[POST]}" onto public org.springframework.http.ResponseEntity<com.cg.entity.Guest> com.cg.rest.GuestController.processGuest(com.cg.entity.Guest)
01-08-2018 12:12:00.656 [main] INFO  o.s.w.s.m.m.a.RequestMappingHandlerMapping.register - Mapped "{[/guest/view/{guestID}],methods=[GET]}" onto public java.util.List<java.lang.Object> com.cg.rest.GuestController.viewItenarary(long)
01-08-2018 12:12:00.656 [main] INFO  o.s.w.s.m.m.a.RequestMappingHandlerMapping.register - Mapped "{[/error]}" onto public org.springframework.http.ResponseEntity<java.util.Map<java.lang.String, java.lang.Object>> org.springframework.boot.autoconfigure.web.servlet.error.BasicErrorController.error(javax.servlet.http.HttpServletRequest)
01-08-2018 12:12:00.656 [main] INFO  o.s.w.s.m.m.a.RequestMappingHandlerMapping.register - Mapped "{[/error],produces=[text/html]}" onto public org.springframework.web.servlet.ModelAndView org.springframework.boot.autoconfigure.web.servlet.error.BasicErrorController.errorHtml(javax.servlet.http.HttpServletRequest,javax.servlet.http.HttpServletResponse)
01-08-2018 12:12:00.672 [main] INFO  o.s.w.s.h.SimpleUrlHandlerMapping.registerHandler - Mapped URL path [/webjars/**] onto handler of type [class org.springframework.web.servlet.resource.ResourceHttpRequestHandler]
01-08-2018 12:12:00.672 [main] INFO  o.s.w.s.h.SimpleUrlHandlerMapping.registerHandler - Mapped URL path [/**] onto handler of type [class org.springframework.web.servlet.resource.ResourceHttpRequestHandler]
01-08-2018 12:12:00.812 [main] INFO  o.s.j.e.a.AnnotationMBeanExporter.afterSingletonsInstantiated - Registering beans for JMX exposure on startup
01-08-2018 12:12:00.812 [main] INFO  o.s.j.e.a.AnnotationMBeanExporter.autodetect - Bean with name 'dataSource' has been autodetected for JMX exposure
01-08-2018 12:12:00.828 [main] INFO  o.s.j.e.a.AnnotationMBeanExporter.registerBeanInstance - Located MBean 'dataSource': registering with JMX server as MBean [com.zaxxer.hikari:name=dataSource,type=HikariDataSource]
01-08-2018 12:12:00.859 [main] INFO  o.s.b.w.e.tomcat.TomcatWebServer.start - Tomcat started on port(s): 9999 (http) with context path ''
01-08-2018 12:12:00.859 [main] INFO  com.cg.MyApplication.logStarted - Started MyApplication in 1.796 seconds (JVM running for 2.515)
01-08-2018 12:12:00.875 [main] INFO  MyApplication.class.main - My Itinerary Application started.
01-08-2018 12:13:40.520 [http-nio-9999-exec-1] INFO  o.a.c.c.C.[Tomcat].[localhost].[/].log - Initializing Spring FrameworkServlet 'dispatcherServlet'
01-08-2018 12:13:40.520 [http-nio-9999-exec-1] INFO  o.s.web.servlet.DispatcherServlet.initServletBean - FrameworkServlet 'dispatcherServlet': initialization started
01-08-2018 12:13:40.525 [http-nio-9999-exec-1] INFO  o.s.web.servlet.DispatcherServlet.initServletBean - FrameworkServlet 'dispatcherServlet': initialization completed in 5 ms
01-08-2018 12:13:40.596 [http-nio-9999-exec-1] INFO  GuestController.class.createGuest - Executing Creating Guest.
01-08-2018 12:13:40.601 [http-nio-9999-exec-1] INFO  com.zaxxer.hikari.HikariDataSource.getConnection - HikariPool-1 - Starting...
01-08-2018 12:13:40.876 [http-nio-9999-exec-1] INFO  com.zaxxer.hikari.HikariDataSource.getConnection - HikariPool-1 - Start completed.
01-08-2018 12:13:40.876 [http-nio-9999-exec-1] INFO  GuestDAOImpl.class.registerGuest - Executing Guest Registering .
01-08-2018 12:13:41.032 [http-nio-9999-exec-1] INFO  GuestController.class.createGuest - New Guest is registered.
01-08-2018 12:14:23.457 [http-nio-9999-exec-2] INFO  GuestController.class.createGuest - Executing Creating Guest.
01-08-2018 12:14:23.459 [http-nio-9999-exec-2] INFO  GuestDAOImpl.class.registerGuest - Executing Guest Registering .
01-08-2018 12:14:23.624 [http-nio-9999-exec-2] INFO  o.s.b.f.xml.XmlBeanDefinitionReader.loadBeanDefinitions - Loading XML bean definitions from class path resource [org/springframework/jdbc/support/sql-error-codes.xml]
01-08-2018 12:14:23.743 [http-nio-9999-exec-2] INFO  o.s.j.support.SQLErrorCodesFactory.<init> - SQLErrorCodes loaded: [DB2, Derby, H2, HDB, HSQL, Informix, MS-SQL, MySQL, Oracle, PostgreSQL, Sybase]
01-08-2018 12:14:23.761 [http-nio-9999-exec-2] WARN  GuestController.class.createGuest - Guest with same email is already registered.
01-08-2018 12:14:59.057 [http-nio-9999-exec-3] INFO  GuestController.class.processGuest - Logging Guest.
01-08-2018 12:14:59.058 [http-nio-9999-exec-3] INFO  GuestDAOImpl.class.validateGuest - validating guest with provided email and password
01-08-2018 12:14:59.062 [http-nio-9999-exec-3] WARN  GuestController.class.processGuest - Invalid Guest.
01-08-2018 12:15:15.199 [http-nio-9999-exec-4] INFO  GuestController.class.processGuest - Logging Guest.
01-08-2018 12:15:15.201 [http-nio-9999-exec-4] INFO  GuestDAOImpl.class.validateGuest - validating guest with provided email and password
01-08-2018 12:15:15.204 [http-nio-9999-exec-4] INFO  GuestController.class.processGuest - Guest is validated.
01-08-2018 12:15:42.799 [http-nio-9999-exec-5] INFO  GuestController.class.processGuest - Logging Guest.
01-08-2018 12:15:42.800 [http-nio-9999-exec-5] INFO  GuestDAOImpl.class.validateGuest - validating guest with provided email and password
01-08-2018 12:15:42.806 [http-nio-9999-exec-5] INFO  GuestController.class.processGuest - Guest is validated.
01-08-2018 12:17:01.041 [RMI TCP Connection(2)-127.0.0.1] INFO  o.s.b.a.SpringApplicationAdminMXBeanRegistrar$SpringApplicationAdmin.shutdown - Application shutdown requested.
01-08-2018 12:17:01.042 [RMI TCP Connection(2)-127.0.0.1] INFO  o.s.b.w.s.c.AnnotationConfigServletWebServerApplicationContext.doClose - Closing org.springframework.boot.web.servlet.context.AnnotationConfigServletWebServerApplicationContext@1f0f1111: startup date [Wed Aug 01 12:11:59 IST 2018]; root of context hierarchy
01-08-2018 12:17:01.045 [RMI TCP Connection(2)-127.0.0.1] INFO  o.s.j.e.a.AnnotationMBeanExporter.destroy - Unregistering JMX-exposed beans on shutdown
01-08-2018 12:17:01.045 [RMI TCP Connection(2)-127.0.0.1] INFO  o.s.j.e.a.AnnotationMBeanExporter.unregisterBeans - Unregistering JMX-exposed beans
01-08-2018 12:17:01.046 [RMI TCP Connection(2)-127.0.0.1] INFO  com.zaxxer.hikari.HikariDataSource.close - HikariPool-1 - Shutdown initiated...
01-08-2018 12:17:01.058 [RMI TCP Connection(2)-127.0.0.1] INFO  com.zaxxer.hikari.HikariDataSource.close - HikariPool-1 - Shutdown completed.
01-08-2018 12:35:00.031 [main] ERROR o.s.b.c.l.LoggingApplicationListener.setLogLevel - Cannot set level: fatal,debug,info,warn for 'null'
01-08-2018 12:35:00.064 [main] INFO  com.cg.MyApplication.logStarting - Starting MyApplication on DIN34002994 with PID 4240 (started by sogour in D:\sourabh\project backups\31st july\r\project1)
01-08-2018 12:35:00.064 [main] INFO  com.cg.MyApplication.logStartupProfileInfo - No active profile set, falling back to default profiles: default
01-08-2018 12:35:00.122 [main] INFO  o.s.b.w.s.c.AnnotationConfigServletWebServerApplicationContext.prepareRefresh - Refreshing org.springframework.boot.web.servlet.context.AnnotationConfigServletWebServerApplicationContext@1f3f4916: startup date [Wed Aug 01 12:35:00 IST 2018]; root of context hierarchy
01-08-2018 12:35:00.880 [main] INFO  o.s.b.w.e.tomcat.TomcatWebServer.initialize - Tomcat initialized with port(s): 9999 (http)
01-08-2018 12:35:00.895 [main] INFO  o.a.catalina.core.StandardService.log - Starting service [Tomcat]
01-08-2018 12:35:00.895 [main] INFO  o.a.catalina.core.StandardEngine.log - Starting Servlet Engine: Apache Tomcat/8.5.31
01-08-2018 12:35:00.895 [localhost-startStop-1] INFO  o.a.c.core.AprLifecycleListener.log - The APR based Apache Tomcat Native library which allows optimal performance in production environments was not found on the java.library.path: [C:\Program Files\Java\jdk1.8.0_172\bin;C:\WINDOWS\Sun\Java\bin;C:\WINDOWS\system32;C:\WINDOWS;C:/Program Files/Java/jre1.8.0_172/bin/server;C:/Program Files/Java/jre1.8.0_172/bin;C:/Program Files/Java/jre1.8.0_172/lib/amd64;C:\Program Files (x86)\Common Files\Oracle\Java\javapath;C:\WINDOWS\system32;C:\WINDOWS;C:\WINDOWS\System32\Wbem;C:\WINDOWS\System32\WindowsPowerShell\v1.0\;C:\Program Files (x86)\QuickTime\QTSystem\;C:\Program Files\CapgeminiScripts\Support Tools\;C:\WINDOWS\System32\WindowsPowerShell\v1.0\;C:\Program Files\Java\jdk1.8.0_172\bin;D:\softwares\spring-tool-suite-3.9.4.RELEASE-e4.7.3a-win32-x86_64\sts-bundle\sts-3.9.4.RELEASE;;.]
01-08-2018 12:35:00.988 [localhost-startStop-1] INFO  o.a.c.c.C.[Tomcat].[localhost].[/].log - Initializing Spring embedded WebApplicationContext
01-08-2018 12:35:00.988 [localhost-startStop-1] INFO  o.s.web.context.ContextLoader.prepareWebApplicationContext - Root WebApplicationContext: initialization completed in 866 ms
01-08-2018 12:35:01.080 [localhost-startStop-1] INFO  o.s.b.w.s.ServletRegistrationBean.addRegistration - Servlet dispatcherServlet mapped to [/]
01-08-2018 12:35:01.083 [localhost-startStop-1] INFO  o.s.b.w.s.FilterRegistrationBean.configure - Mapping filter: 'characterEncodingFilter' to: [/*]
01-08-2018 12:35:01.084 [localhost-startStop-1] INFO  o.s.b.w.s.FilterRegistrationBean.configure - Mapping filter: 'hiddenHttpMethodFilter' to: [/*]
01-08-2018 12:35:01.084 [localhost-startStop-1] INFO  o.s.b.w.s.FilterRegistrationBean.configure - Mapping filter: 'httpPutFormContentFilter' to: [/*]
01-08-2018 12:35:01.085 [localhost-startStop-1] INFO  o.s.b.w.s.FilterRegistrationBean.configure - Mapping filter: 'requestContextFilter' to: [/*]
01-08-2018 12:35:01.297 [main] INFO  o.s.w.s.h.SimpleUrlHandlerMapping.registerHandler - Mapped URL path [/**/favicon.ico] onto handler of type [class org.springframework.web.servlet.resource.ResourceHttpRequestHandler]
01-08-2018 12:35:01.421 [main] INFO  o.s.w.s.m.m.a.RequestMappingHandlerAdapter.initControllerAdviceCache - Looking for @ControllerAdvice: org.springframework.boot.web.servlet.context.AnnotationConfigServletWebServerApplicationContext@1f3f4916: startup date [Wed Aug 01 12:35:00 IST 2018]; root of context hierarchy
01-08-2018 12:35:01.469 [main] INFO  o.s.w.s.m.m.a.RequestMappingHandlerMapping.register - Mapped "{[/booking/resort/{guestID}],methods=[POST]}" onto public org.springframework.http.ResponseEntity<com.cg.entity.Resort> com.cg.rest.BookingController.bookResort(com.cg.entity.Resort,long)
01-08-2018 12:35:01.469 [main] INFO  o.s.w.s.m.m.a.RequestMappingHandlerMapping.register - Mapped "{[/booking/update/resort/{resortBookingId}],methods=[PUT]}" onto public org.springframework.http.ResponseEntity<com.cg.entity.Resort> com.cg.rest.BookingController.updateBookResort(com.cg.entity.Resort,long)
01-08-2018 12:35:01.469 [main] INFO  o.s.w.s.m.m.a.RequestMappingHandlerMapping.register - Mapped "{[/booking/cancel/resort/{resortBookingId}],methods=[PUT]}" onto public org.springframework.http.ResponseEntity<com.cg.entity.Resort> com.cg.rest.BookingController.cancelBookResort(long)
01-08-2018 12:35:01.469 [main] INFO  o.s.w.s.m.m.a.RequestMappingHandlerMapping.register - Mapped "{[/booking/update/dinning/{dinningBookingId}],methods=[PUT]}" onto public org.springframework.http.ResponseEntity<com.cg.entity.Dinning> com.cg.rest.BookingController.updateBookedDinning(com.cg.entity.Dinning,long)
01-08-2018 12:35:01.469 [main] INFO  o.s.w.s.m.m.a.RequestMappingHandlerMapping.register - Mapped "{[/booking/cancel/dinning/{dinningBookingId}],methods=[PUT]}" onto public org.springframework.http.ResponseEntity<com.cg.entity.Dinning> com.cg.rest.BookingController.cancelBookedDinning(long)
01-08-2018 12:35:01.469 [main] INFO  o.s.w.s.m.m.a.RequestMappingHandlerMapping.register - Mapped "{[/booking/dinning/{guestID}],methods=[POST]}" onto public org.springframework.http.ResponseEntity<com.cg.entity.Dinning> com.cg.rest.BookingController.bookDinning(com.cg.entity.Dinning,long)
01-08-2018 12:35:01.469 [main] INFO  o.s.w.s.m.m.a.RequestMappingHandlerMapping.register - Mapped "{[/guest/register],methods=[POST]}" onto public org.springframework.http.ResponseEntity<com.cg.entity.Guest> com.cg.rest.GuestController.createGuest(com.cg.entity.Guest)
01-08-2018 12:35:01.469 [main] INFO  o.s.w.s.m.m.a.RequestMappingHandlerMapping.register - Mapped "{[/guest/login],methods=[POST]}" onto public org.springframework.http.ResponseEntity<com.cg.entity.Guest> com.cg.rest.GuestController.processGuest(com.cg.entity.Guest)
01-08-2018 12:35:01.469 [main] INFO  o.s.w.s.m.m.a.RequestMappingHandlerMapping.register - Mapped "{[/guest/view/{guestID}],methods=[GET]}" onto public java.util.List<java.lang.Object> com.cg.rest.GuestController.viewItenarary(long)
01-08-2018 12:35:01.469 [main] INFO  o.s.w.s.m.m.a.RequestMappingHandlerMapping.register - Mapped "{[/error]}" onto public org.springframework.http.ResponseEntity<java.util.Map<java.lang.String, java.lang.Object>> org.springframework.boot.autoconfigure.web.servlet.error.BasicErrorController.error(javax.servlet.http.HttpServletRequest)
01-08-2018 12:35:01.469 [main] INFO  o.s.w.s.m.m.a.RequestMappingHandlerMapping.register - Mapped "{[/error],produces=[text/html]}" onto public org.springframework.web.servlet.ModelAndView org.springframework.boot.autoconfigure.web.servlet.error.BasicErrorController.errorHtml(javax.servlet.http.HttpServletRequest,javax.servlet.http.HttpServletResponse)
01-08-2018 12:35:01.484 [main] INFO  o.s.w.s.h.SimpleUrlHandlerMapping.registerHandler - Mapped URL path [/webjars/**] onto handler of type [class org.springframework.web.servlet.resource.ResourceHttpRequestHandler]
01-08-2018 12:35:01.484 [main] INFO  o.s.w.s.h.SimpleUrlHandlerMapping.registerHandler - Mapped URL path [/**] onto handler of type [class org.springframework.web.servlet.resource.ResourceHttpRequestHandler]
01-08-2018 12:35:01.628 [main] INFO  o.s.j.e.a.AnnotationMBeanExporter.afterSingletonsInstantiated - Registering beans for JMX exposure on startup
01-08-2018 12:35:01.628 [main] INFO  o.s.j.e.a.AnnotationMBeanExporter.autodetect - Bean with name 'dataSource' has been autodetected for JMX exposure
01-08-2018 12:35:01.643 [main] INFO  o.s.j.e.a.AnnotationMBeanExporter.registerBeanInstance - Located MBean 'dataSource': registering with JMX server as MBean [com.zaxxer.hikari:name=dataSource,type=HikariDataSource]
01-08-2018 12:35:01.674 [main] INFO  o.s.b.w.e.tomcat.TomcatWebServer.start - Tomcat started on port(s): 9999 (http) with context path ''
01-08-2018 12:35:01.674 [main] INFO  com.cg.MyApplication.logStarted - Started MyApplication in 1.846 seconds (JVM running for 2.589)
01-08-2018 12:35:01.674 [main] INFO  MyApplication.class.main - My Itinerary Application started.
01-08-2018 12:35:32.812 [http-nio-9999-exec-1] INFO  o.a.c.c.C.[Tomcat].[localhost].[/].log - Initializing Spring FrameworkServlet 'dispatcherServlet'
01-08-2018 12:35:32.813 [http-nio-9999-exec-1] INFO  o.s.web.servlet.DispatcherServlet.initServletBean - FrameworkServlet 'dispatcherServlet': initialization started
01-08-2018 12:35:32.832 [http-nio-9999-exec-1] INFO  o.s.web.servlet.DispatcherServlet.initServletBean - FrameworkServlet 'dispatcherServlet': initialization completed in 19 ms
01-08-2018 12:35:32.927 [http-nio-9999-exec-1] INFO  BookingController.class.bookResort - Executing Resort Booking for a Guest.
01-08-2018 12:35:32.932 [http-nio-9999-exec-1] INFO  com.zaxxer.hikari.HikariDataSource.getConnection - HikariPool-1 - Starting...
01-08-2018 12:35:33.171 [http-nio-9999-exec-1] INFO  com.zaxxer.hikari.HikariDataSource.getConnection - HikariPool-1 - Start completed.
01-08-2018 12:35:33.180 [http-nio-9999-exec-1] INFO  BookingController.class.bookResort - Executing Resort Booking.
01-08-2018 12:35:33.859 [http-nio-9999-exec-1] INFO  BookingController.class.bookResort - Resort Booked for a Guest.
01-08-2018 12:35:45.254 [http-nio-9999-exec-2] INFO  BookingController.class.bookResort - Executing Resort Booking for a Guest.
01-08-2018 12:35:45.257 [http-nio-9999-exec-2] INFO  BookingController.class.bookResort - Executing Resort Booking.
01-08-2018 12:35:45.432 [http-nio-9999-exec-2] INFO  BookingController.class.bookResort - Resort Booked for a Guest.
01-08-2018 12:35:48.529 [http-nio-9999-exec-3] INFO  BookingController.class.bookResort - Executing Resort Booking for a Guest.
01-08-2018 12:35:48.530 [http-nio-9999-exec-3] INFO  BookingController.class.bookResort - Executing Resort Booking.
01-08-2018 12:35:48.822 [http-nio-9999-exec-3] INFO  BookingController.class.bookResort - Resort Booked for a Guest.
01-08-2018 12:36:14.124 [http-nio-9999-exec-4] INFO  BookingController.class.updateBookResort - Updating Resort Booking for a Guest.
01-08-2018 12:36:14.126 [http-nio-9999-exec-4] INFO  BookingController.class.updateBookResort - Updating Booked Resort.
01-08-2018 12:36:14.306 [http-nio-9999-exec-4] INFO  BookingController.class.updateBookResort - Booked Resort for a Guest is updated.
01-08-2018 12:38:53.362 [http-nio-9999-exec-6] INFO  BookingController.class.cancelBookResort - Cancelling Resort Booking for a Guest.
01-08-2018 12:38:53.364 [http-nio-9999-exec-6] INFO  BookingController.class.cancelBookResort - Cancelling Booked Resort.
01-08-2018 12:38:53.602 [http-nio-9999-exec-6] INFO  BookingController.class.cancelBookResort - Booked Resort for a Guest is canceled.
01-08-2018 12:41:49.644 [http-nio-9999-exec-8] INFO  GuestController.class.viewItenarary - Viewing Guest Booking Details.
01-08-2018 12:41:49.644 [http-nio-9999-exec-8] INFO  GuestController.class.viewItenarary - Viewing Guest Resort Booking Details.
01-08-2018 12:41:49.646 [http-nio-9999-exec-8] INFO  BookingController.class.getAllResortDetails - Viewing all resort details for a guest
01-08-2018 12:41:49.649 [http-nio-9999-exec-8] INFO  GuestController.class.viewItenarary - Viewing Dinning Guest Booking Details.
01-08-2018 12:41:49.650 [http-nio-9999-exec-8] INFO  BookingController.class.getAllDinningDetails - Viewing all dinning details for a guest
01-08-2018 12:43:03.080 [RMI TCP Connection(2)-127.0.0.1] INFO  o.s.b.a.SpringApplicationAdminMXBeanRegistrar$SpringApplicationAdmin.shutdown - Application shutdown requested.
01-08-2018 12:43:03.081 [RMI TCP Connection(2)-127.0.0.1] INFO  o.s.b.w.s.c.AnnotationConfigServletWebServerApplicationContext.doClose - Closing org.springframework.boot.web.servlet.context.AnnotationConfigServletWebServerApplicationContext@1f3f4916: startup date [Wed Aug 01 12:35:00 IST 2018]; root of context hierarchy
01-08-2018 12:43:03.081 [RMI TCP Connection(2)-127.0.0.1] INFO  o.s.j.e.a.AnnotationMBeanExporter.destroy - Unregistering JMX-exposed beans on shutdown
01-08-2018 12:43:03.081 [RMI TCP Connection(2)-127.0.0.1] INFO  o.s.j.e.a.AnnotationMBeanExporter.unregisterBeans - Unregistering JMX-exposed beans
01-08-2018 12:43:03.081 [RMI TCP Connection(2)-127.0.0.1] INFO  com.zaxxer.hikari.HikariDataSource.close - HikariPool-1 - Shutdown initiated...
01-08-2018 12:43:03.081 [RMI TCP Connection(2)-127.0.0.1] INFO  com.zaxxer.hikari.HikariDataSource.close - HikariPool-1 - Shutdown completed.
01-08-2018 14:32:09.348 [main] ERROR o.s.b.c.l.LoggingApplicationListener.setLogLevel - Cannot set level: fatal,debug,info,warn for 'null'
01-08-2018 14:32:09.505 [main] INFO  c.c.b.BootJdbctemplateApplicationTests.logStarting - Starting BootJdbctemplateApplicationTests on DIN34002994 with PID 4872 (started by sogour in D:\sourabh\project backups\31st july\r\project1)
01-08-2018 14:32:09.505 [main] INFO  c.c.b.BootJdbctemplateApplicationTests.logStartupProfileInfo - No active profile set, falling back to default profiles: default
01-08-2018 14:32:09.583 [main] INFO  o.s.w.c.s.GenericWebApplicationContext.prepareRefresh - Refreshing org.springframework.web.context.support.GenericWebApplicationContext@55de24cc: startup date [Wed Aug 01 14:32:09 IST 2018]; root of context hierarchy
01-08-2018 14:32:12.298 [main] INFO  o.s.w.s.h.SimpleUrlHandlerMapping.registerHandler - Mapped URL path [/**/favicon.ico] onto handler of type [class org.springframework.web.servlet.resource.ResourceHttpRequestHandler]
01-08-2018 14:32:12.461 [main] INFO  o.s.w.s.m.m.a.RequestMappingHandlerAdapter.initControllerAdviceCache - Looking for @ControllerAdvice: org.springframework.web.context.support.GenericWebApplicationContext@55de24cc: startup date [Wed Aug 01 14:32:09 IST 2018]; root of context hierarchy
01-08-2018 14:32:12.560 [main] INFO  o.s.w.s.m.m.a.RequestMappingHandlerMapping.register - Mapped "{[/booking/update/dinning/{dinningBookingId}],methods=[PUT]}" onto public org.springframework.http.ResponseEntity<com.cg.entity.Dinning> com.cg.rest.BookingController.updateBookedDinning(com.cg.entity.Dinning,long)
01-08-2018 14:32:12.562 [main] INFO  o.s.w.s.m.m.a.RequestMappingHandlerMapping.register - Mapped "{[/booking/cancel/dinning/{dinningBookingId}],methods=[PUT]}" onto public org.springframework.http.ResponseEntity<com.cg.entity.Dinning> com.cg.rest.BookingController.cancelBookedDinning(long)
01-08-2018 14:32:12.563 [main] INFO  o.s.w.s.m.m.a.RequestMappingHandlerMapping.register - Mapped "{[/booking/resort/{guestID}],methods=[POST]}" onto public org.springframework.http.ResponseEntity<com.cg.entity.Resort> com.cg.rest.BookingController.bookResort(com.cg.entity.Resort,long)
01-08-2018 14:32:12.564 [main] INFO  o.s.w.s.m.m.a.RequestMappingHandlerMapping.register - Mapped "{[/booking/update/resort/{resortBookingId}],methods=[PUT]}" onto public org.springframework.http.ResponseEntity<com.cg.entity.Resort> com.cg.rest.BookingController.updateBookResort(com.cg.entity.Resort,long)
01-08-2018 14:32:12.564 [main] INFO  o.s.w.s.m.m.a.RequestMappingHandlerMapping.register - Mapped "{[/booking/cancel/resort/{resortBookingId}],methods=[PUT]}" onto public org.springframework.http.ResponseEntity<com.cg.entity.Resort> com.cg.rest.BookingController.cancelBookResort(long)
01-08-2018 14:32:12.565 [main] INFO  o.s.w.s.m.m.a.RequestMappingHandlerMapping.register - Mapped "{[/booking/dinning/{guestID}],methods=[POST]}" onto public org.springframework.http.ResponseEntity<com.cg.entity.Dinning> com.cg.rest.BookingController.bookDinning(com.cg.entity.Dinning,long)
01-08-2018 14:32:12.582 [main] INFO  o.s.w.s.m.m.a.RequestMappingHandlerMapping.register - Mapped "{[/guest/register],methods=[POST]}" onto public org.springframework.http.ResponseEntity<com.cg.entity.Guest> com.cg.rest.GuestController.createGuest(com.cg.entity.Guest)
01-08-2018 14:32:12.598 [main] INFO  o.s.w.s.m.m.a.RequestMappingHandlerMapping.register - Mapped "{[/guest/login],methods=[POST]}" onto public org.springframework.http.ResponseEntity<com.cg.entity.Guest> com.cg.rest.GuestController.processGuest(com.cg.entity.Guest)
01-08-2018 14:32:12.598 [main] INFO  o.s.w.s.m.m.a.RequestMappingHandlerMapping.register - Mapped "{[/guest/view/{guestID}],methods=[GET]}" onto public java.util.List<java.lang.Object> com.cg.rest.GuestController.viewItenarary(long)
01-08-2018 14:32:12.598 [main] INFO  o.s.w.s.m.m.a.RequestMappingHandlerMapping.register - Mapped "{[/error]}" onto public org.springframework.http.ResponseEntity<java.util.Map<java.lang.String, java.lang.Object>> org.springframework.boot.autoconfigure.web.servlet.error.BasicErrorController.error(javax.servlet.http.HttpServletRequest)
01-08-2018 14:32:12.598 [main] INFO  o.s.w.s.m.m.a.RequestMappingHandlerMapping.register - Mapped "{[/error],produces=[text/html]}" onto public org.springframework.web.servlet.ModelAndView org.springframework.boot.autoconfigure.web.servlet.error.BasicErrorController.errorHtml(javax.servlet.http.HttpServletRequest,javax.servlet.http.HttpServletResponse)
01-08-2018 14:32:12.629 [main] INFO  o.s.w.s.h.SimpleUrlHandlerMapping.registerHandler - Mapped URL path [/webjars/**] onto handler of type [class org.springframework.web.servlet.resource.ResourceHttpRequestHandler]
01-08-2018 14:32:12.629 [main] INFO  o.s.w.s.h.SimpleUrlHandlerMapping.registerHandler - Mapped URL path [/**] onto handler of type [class org.springframework.web.servlet.resource.ResourceHttpRequestHandler]
01-08-2018 14:32:13.003 [main] INFO  c.c.b.BootJdbctemplateApplicationTests.logStarted - Started BootJdbctemplateApplicationTests in 4.591 seconds (JVM running for 7.152)
01-08-2018 14:32:13.815 [Thread-2] INFO  o.s.w.c.s.GenericWebApplicationContext.doClose - Closing org.springframework.web.context.support.GenericWebApplicationContext@55de24cc: startup date [Wed Aug 01 14:32:09 IST 2018]; root of context hierarchy
01-08-2018 15:00:40.831 [main] ERROR o.s.b.c.l.LoggingApplicationListener.setLogLevel - Cannot set level: fatal,debug,info,warn for 'null'
01-08-2018 15:00:40.926 [main] INFO  c.c.b.BootJdbctemplateApplicationTests.logStarting - Starting BootJdbctemplateApplicationTests on DIN34002994 with PID 7076 (started by sogour in D:\sourabh\project backups\31st july\r\project1)
01-08-2018 15:00:40.926 [main] INFO  c.c.b.BootJdbctemplateApplicationTests.logStartupProfileInfo - No active profile set, falling back to default profiles: default
01-08-2018 15:00:40.957 [main] INFO  o.s.w.c.s.GenericWebApplicationContext.prepareRefresh - Refreshing org.springframework.web.context.support.GenericWebApplicationContext@333d4a8c: startup date [Wed Aug 01 15:00:40 IST 2018]; root of context hierarchy
01-08-2018 15:00:42.704 [main] INFO  o.s.w.s.h.SimpleUrlHandlerMapping.registerHandler - Mapped URL path [/**/favicon.ico] onto handler of type [class org.springframework.web.servlet.resource.ResourceHttpRequestHandler]
01-08-2018 15:00:42.908 [main] INFO  o.s.w.s.m.m.a.RequestMappingHandlerAdapter.initControllerAdviceCache - Looking for @ControllerAdvice: org.springframework.web.context.support.GenericWebApplicationContext@333d4a8c: startup date [Wed Aug 01 15:00:40 IST 2018]; root of context hierarchy
01-08-2018 15:00:42.970 [main] INFO  o.s.w.s.m.m.a.RequestMappingHandlerMapping.register - Mapped "{[/booking/update/dinning/{dinningBookingId}],methods=[PUT]}" onto public org.springframework.http.ResponseEntity<com.cg.entity.Dinning> com.cg.rest.BookingController.updateBookedDinning(com.cg.entity.Dinning,long)
01-08-2018 15:00:42.970 [main] INFO  o.s.w.s.m.m.a.RequestMappingHandlerMapping.register - Mapped "{[/booking/cancel/dinning/{dinningBookingId}],methods=[PUT]}" onto public org.springframework.http.ResponseEntity<com.cg.entity.Dinning> com.cg.rest.BookingController.cancelBookedDinning(long)
01-08-2018 15:00:42.970 [main] INFO  o.s.w.s.m.m.a.RequestMappingHandlerMapping.register - Mapped "{[/booking/resort/{guestID}],methods=[POST]}" onto public org.springframework.http.ResponseEntity<com.cg.entity.Resort> com.cg.rest.BookingController.bookResort(com.cg.entity.Resort,long)
01-08-2018 15:00:42.970 [main] INFO  o.s.w.s.m.m.a.RequestMappingHandlerMapping.register - Mapped "{[/booking/update/resort/{resortBookingId}],methods=[PUT]}" onto public org.springframework.http.ResponseEntity<com.cg.entity.Resort> com.cg.rest.BookingController.updateBookResort(com.cg.entity.Resort,long)
01-08-2018 15:00:42.970 [main] INFO  o.s.w.s.m.m.a.RequestMappingHandlerMapping.register - Mapped "{[/booking/cancel/resort/{resortBookingId}],methods=[PUT]}" onto public org.springframework.http.ResponseEntity<com.cg.entity.Resort> com.cg.rest.BookingController.cancelBookResort(long)
01-08-2018 15:00:42.970 [main] INFO  o.s.w.s.m.m.a.RequestMappingHandlerMapping.register - Mapped "{[/booking/dinning/{guestID}],methods=[POST]}" onto public org.springframework.http.ResponseEntity<com.cg.entity.Dinning> com.cg.rest.BookingController.bookDinning(com.cg.entity.Dinning,long)
01-08-2018 15:00:42.970 [main] INFO  o.s.w.s.m.m.a.RequestMappingHandlerMapping.register - Mapped "{[/guest/register],methods=[POST]}" onto public org.springframework.http.ResponseEntity<com.cg.entity.Guest> com.cg.rest.GuestController.createGuest(com.cg.entity.Guest)
01-08-2018 15:00:42.986 [main] INFO  o.s.w.s.m.m.a.RequestMappingHandlerMapping.register - Mapped "{[/guest/login],methods=[POST]}" onto public org.springframework.http.ResponseEntity<com.cg.entity.Guest> com.cg.rest.GuestController.processGuest(com.cg.entity.Guest)
01-08-2018 15:00:42.986 [main] INFO  o.s.w.s.m.m.a.RequestMappingHandlerMapping.register - Mapped "{[/guest/view/{guestID}],methods=[GET]}" onto public java.util.List<java.lang.Object> com.cg.rest.GuestController.viewItenarary(long)
01-08-2018 15:00:42.986 [main] INFO  o.s.w.s.m.m.a.RequestMappingHandlerMapping.register - Mapped "{[/error]}" onto public org.springframework.http.ResponseEntity<java.util.Map<java.lang.String, java.lang.Object>> org.springframework.boot.autoconfigure.web.servlet.error.BasicErrorController.error(javax.servlet.http.HttpServletRequest)
01-08-2018 15:00:42.986 [main] INFO  o.s.w.s.m.m.a.RequestMappingHandlerMapping.register - Mapped "{[/error],produces=[text/html]}" onto public org.springframework.web.servlet.ModelAndView org.springframework.boot.autoconfigure.web.servlet.error.BasicErrorController.errorHtml(javax.servlet.http.HttpServletRequest,javax.servlet.http.HttpServletResponse)
01-08-2018 15:00:43.002 [main] INFO  o.s.w.s.h.SimpleUrlHandlerMapping.registerHandler - Mapped URL path [/webjars/**] onto handler of type [class org.springframework.web.servlet.resource.ResourceHttpRequestHandler]
01-08-2018 15:00:43.002 [main] INFO  o.s.w.s.h.SimpleUrlHandlerMapping.registerHandler - Mapped URL path [/**] onto handler of type [class org.springframework.web.servlet.resource.ResourceHttpRequestHandler]
01-08-2018 15:00:43.267 [main] INFO  c.c.b.BootJdbctemplateApplicationTests.logStarted - Started BootJdbctemplateApplicationTests in 2.763 seconds (JVM running for 4.243)
01-08-2018 15:00:43.719 [Thread-2] INFO  o.s.w.c.s.GenericWebApplicationContext.doClose - Closing org.springframework.web.context.support.GenericWebApplicationContext@333d4a8c: startup date [Wed Aug 01 15:00:40 IST 2018]; root of context hierarchy
01-08-2018 15:11:23.779 [main] ERROR o.s.b.c.l.LoggingApplicationListener.setLogLevel - Cannot set level: fatal,debug,info,warn for 'null'
01-08-2018 15:11:23.827 [main] INFO  com.cg.MyApplication.logStarting - Starting MyApplication on DIN34002994 with PID 5068 (started by sogour in D:\sourabh\project backups\31st july\r\project1)
01-08-2018 15:11:23.827 [main] INFO  com.cg.MyApplication.logStartupProfileInfo - No active profile set, falling back to default profiles: default
01-08-2018 15:11:23.874 [main] INFO  o.s.b.w.s.c.AnnotationConfigServletWebServerApplicationContext.prepareRefresh - Refreshing org.springframework.boot.web.servlet.context.AnnotationConfigServletWebServerApplicationContext@5ccddd20: startup date [Wed Aug 01 15:11:23 IST 2018]; root of context hierarchy
01-08-2018 15:11:24.669 [main] INFO  o.s.b.w.e.tomcat.TomcatWebServer.initialize - Tomcat initialized with port(s): 9999 (http)
01-08-2018 15:11:24.701 [main] INFO  o.a.catalina.core.StandardService.log - Starting service [Tomcat]
01-08-2018 15:11:24.701 [main] INFO  o.a.catalina.core.StandardEngine.log - Starting Servlet Engine: Apache Tomcat/8.5.31
01-08-2018 15:11:24.747 [localhost-startStop-1] INFO  o.a.c.core.AprLifecycleListener.log - The APR based Apache Tomcat Native library which allows optimal performance in production environments was not found on the java.library.path: [C:\Program Files\Java\jdk1.8.0_172\bin;C:\WINDOWS\Sun\Java\bin;C:\WINDOWS\system32;C:\WINDOWS;C:/Program Files/Java/jre1.8.0_172/bin/server;C:/Program Files/Java/jre1.8.0_172/bin;C:/Program Files/Java/jre1.8.0_172/lib/amd64;C:\Program Files (x86)\Common Files\Oracle\Java\javapath;C:\WINDOWS\system32;C:\WINDOWS;C:\WINDOWS\System32\Wbem;C:\WINDOWS\System32\WindowsPowerShell\v1.0\;C:\Program Files (x86)\QuickTime\QTSystem\;C:\Program Files\CapgeminiScripts\Support Tools\;C:\WINDOWS\System32\WindowsPowerShell\v1.0\;C:\Program Files\Java\jdk1.8.0_172\bin;D:\softwares\spring-tool-suite-3.9.4.RELEASE-e4.7.3a-win32-x86_64\sts-bundle\sts-3.9.4.RELEASE;;.]
01-08-2018 15:11:24.841 [localhost-startStop-1] INFO  o.a.c.c.C.[Tomcat].[localhost].[/].log - Initializing Spring embedded WebApplicationContext
01-08-2018 15:11:24.841 [localhost-startStop-1] INFO  o.s.web.context.ContextLoader.prepareWebApplicationContext - Root WebApplicationContext: initialization completed in 967 ms
01-08-2018 15:11:24.936 [localhost-startStop-1] INFO  o.s.b.w.s.ServletRegistrationBean.addRegistration - Servlet dispatcherServlet mapped to [/]
01-08-2018 15:11:24.936 [localhost-startStop-1] INFO  o.s.b.w.s.FilterRegistrationBean.configure - Mapping filter: 'characterEncodingFilter' to: [/*]
01-08-2018 15:11:24.936 [localhost-startStop-1] INFO  o.s.b.w.s.FilterRegistrationBean.configure - Mapping filter: 'hiddenHttpMethodFilter' to: [/*]
01-08-2018 15:11:24.936 [localhost-startStop-1] INFO  o.s.b.w.s.FilterRegistrationBean.configure - Mapping filter: 'httpPutFormContentFilter' to: [/*]
01-08-2018 15:11:24.936 [localhost-startStop-1] INFO  o.s.b.w.s.FilterRegistrationBean.configure - Mapping filter: 'requestContextFilter' to: [/*]
01-08-2018 15:11:25.123 [main] INFO  o.s.w.s.h.SimpleUrlHandlerMapping.registerHandler - Mapped URL path [/**/favicon.ico] onto handler of type [class org.springframework.web.servlet.resource.ResourceHttpRequestHandler]
01-08-2018 15:11:25.248 [main] INFO  o.s.w.s.m.m.a.RequestMappingHandlerAdapter.initControllerAdviceCache - Looking for @ControllerAdvice: org.springframework.boot.web.servlet.context.AnnotationConfigServletWebServerApplicationContext@5ccddd20: startup date [Wed Aug 01 15:11:23 IST 2018]; root of context hierarchy
01-08-2018 15:11:25.294 [main] INFO  o.s.w.s.m.m.a.RequestMappingHandlerMapping.register - Mapped "{[/booking/update/dinning/{dinningBookingId}],methods=[PUT]}" onto public org.springframework.http.ResponseEntity<com.cg.entity.Dinning> com.cg.rest.BookingController.updateBookedDinning(com.cg.entity.Dinning,long)
01-08-2018 15:11:25.294 [main] INFO  o.s.w.s.m.m.a.RequestMappingHandlerMapping.register - Mapped "{[/booking/cancel/dinning/{dinningBookingId}],methods=[PUT]}" onto public org.springframework.http.ResponseEntity<com.cg.entity.Dinning> com.cg.rest.BookingController.cancelBookedDinning(long)
01-08-2018 15:11:25.294 [main] INFO  o.s.w.s.m.m.a.RequestMappingHandlerMapping.register - Mapped "{[/booking/resort/{guestID}],methods=[POST]}" onto public org.springframework.http.ResponseEntity<com.cg.entity.Resort> com.cg.rest.BookingController.bookResort(com.cg.entity.Resort,long)
01-08-2018 15:11:25.294 [main] INFO  o.s.w.s.m.m.a.RequestMappingHandlerMapping.register - Mapped "{[/booking/update/resort/{resortBookingId}],methods=[PUT]}" onto public org.springframework.http.ResponseEntity<com.cg.entity.Resort> com.cg.rest.BookingController.updateBookResort(com.cg.entity.Resort,long)
01-08-2018 15:11:25.294 [main] INFO  o.s.w.s.m.m.a.RequestMappingHandlerMapping.register - Mapped "{[/booking/cancel/resort/{resortBookingId}],methods=[PUT]}" onto public org.springframework.http.ResponseEntity<com.cg.entity.Resort> com.cg.rest.BookingController.cancelBookResort(long)
01-08-2018 15:11:25.294 [main] INFO  o.s.w.s.m.m.a.RequestMappingHandlerMapping.register - Mapped "{[/booking/dinning/{guestID}],methods=[POST]}" onto public org.springframework.http.ResponseEntity<com.cg.entity.Dinning> com.cg.rest.BookingController.bookDinning(com.cg.entity.Dinning,long)
01-08-2018 15:11:25.294 [main] INFO  o.s.w.s.m.m.a.RequestMappingHandlerMapping.register - Mapped "{[/guest/register],methods=[POST]}" onto public org.springframework.http.ResponseEntity<com.cg.entity.Guest> com.cg.rest.GuestController.createGuest(com.cg.entity.Guest)
01-08-2018 15:11:25.294 [main] INFO  o.s.w.s.m.m.a.RequestMappingHandlerMapping.register - Mapped "{[/guest/login],methods=[POST]}" onto public org.springframework.http.ResponseEntity<com.cg.entity.Guest> com.cg.rest.GuestController.processGuest(com.cg.entity.Guest)
01-08-2018 15:11:25.294 [main] INFO  o.s.w.s.m.m.a.RequestMappingHandlerMapping.register - Mapped "{[/guest/view/{guestID}],methods=[GET]}" onto public java.util.List<java.lang.Object> com.cg.rest.GuestController.viewItenarary(long)
01-08-2018 15:11:25.294 [main] INFO  o.s.w.s.m.m.a.RequestMappingHandlerMapping.register - Mapped "{[/error]}" onto public org.springframework.http.ResponseEntity<java.util.Map<java.lang.String, java.lang.Object>> org.springframework.boot.autoconfigure.web.servlet.error.BasicErrorController.error(javax.servlet.http.HttpServletRequest)
01-08-2018 15:11:25.294 [main] INFO  o.s.w.s.m.m.a.RequestMappingHandlerMapping.register - Mapped "{[/error],produces=[text/html]}" onto public org.springframework.web.servlet.ModelAndView org.springframework.boot.autoconfigure.web.servlet.error.BasicErrorController.errorHtml(javax.servlet.http.HttpServletRequest,javax.servlet.http.HttpServletResponse)
01-08-2018 15:11:25.310 [main] INFO  o.s.w.s.h.SimpleUrlHandlerMapping.registerHandler - Mapped URL path [/webjars/**] onto handler of type [class org.springframework.web.servlet.resource.ResourceHttpRequestHandler]
01-08-2018 15:11:25.310 [main] INFO  o.s.w.s.h.SimpleUrlHandlerMapping.registerHandler - Mapped URL path [/**] onto handler of type [class org.springframework.web.servlet.resource.ResourceHttpRequestHandler]
01-08-2018 15:11:25.466 [main] INFO  o.s.j.e.a.AnnotationMBeanExporter.afterSingletonsInstantiated - Registering beans for JMX exposure on startup
01-08-2018 15:11:25.466 [main] INFO  o.s.j.e.a.AnnotationMBeanExporter.autodetect - Bean with name 'dataSource' has been autodetected for JMX exposure
01-08-2018 15:11:25.466 [main] INFO  o.s.j.e.a.AnnotationMBeanExporter.registerBeanInstance - Located MBean 'dataSource': registering with JMX server as MBean [com.zaxxer.hikari:name=dataSource,type=HikariDataSource]
01-08-2018 15:11:25.513 [main] INFO  o.s.b.w.e.tomcat.TomcatWebServer.start - Tomcat started on port(s): 9999 (http) with context path ''
01-08-2018 15:11:25.513 [main] INFO  com.cg.MyApplication.logStarted - Started MyApplication in 1.952 seconds (JVM running for 2.857)
01-08-2018 15:11:25.513 [main] INFO  MyApplication.class.main - My Itinerary Application started.
01-08-2018 15:11:55.149 [http-nio-9999-exec-1] INFO  o.a.c.c.C.[Tomcat].[localhost].[/].log - Initializing Spring FrameworkServlet 'dispatcherServlet'
01-08-2018 15:11:55.149 [http-nio-9999-exec-1] INFO  o.s.web.servlet.DispatcherServlet.initServletBean - FrameworkServlet 'dispatcherServlet': initialization started
01-08-2018 15:11:55.150 [http-nio-9999-exec-1] INFO  o.s.web.servlet.DispatcherServlet.initServletBean - FrameworkServlet 'dispatcherServlet': initialization completed in 1 ms
01-08-2018 15:11:55.181 [http-nio-9999-exec-1] INFO  GuestController.class.viewItenarary - Viewing Guest Booking Details.
01-08-2018 15:11:55.181 [http-nio-9999-exec-1] INFO  GuestController.class.viewItenarary - Viewing Guest Resort Booking Details.
01-08-2018 15:11:55.197 [http-nio-9999-exec-1] INFO  com.zaxxer.hikari.HikariDataSource.getConnection - HikariPool-1 - Starting...
01-08-2018 15:11:55.727 [http-nio-9999-exec-1] INFO  com.zaxxer.hikari.HikariDataSource.getConnection - HikariPool-1 - Start completed.
01-08-2018 15:11:55.743 [http-nio-9999-exec-1] INFO  BookingController.class.getAllResortDetails - Viewing all resort details for a guest
01-08-2018 15:11:55.759 [http-nio-9999-exec-1] INFO  GuestController.class.viewItenarary - Viewing Dinning Guest Booking Details.
01-08-2018 15:11:55.759 [http-nio-9999-exec-1] INFO  BookingController.class.getAllDinningDetails - Viewing all dinning details for a guest
01-08-2018 15:17:41.642 [RMI TCP Connection(2)-127.0.0.1] INFO  o.s.b.a.SpringApplicationAdminMXBeanRegistrar$SpringApplicationAdmin.shutdown - Application shutdown requested.
01-08-2018 15:17:41.642 [RMI TCP Connection(2)-127.0.0.1] INFO  o.s.b.w.s.c.AnnotationConfigServletWebServerApplicationContext.doClose - Closing org.springframework.boot.web.servlet.context.AnnotationConfigServletWebServerApplicationContext@5ccddd20: startup date [Wed Aug 01 15:11:23 IST 2018]; root of context hierarchy
01-08-2018 15:17:41.642 [RMI TCP Connection(2)-127.0.0.1] INFO  o.s.j.e.a.AnnotationMBeanExporter.destroy - Unregistering JMX-exposed beans on shutdown
01-08-2018 15:17:41.642 [RMI TCP Connection(2)-127.0.0.1] INFO  o.s.j.e.a.AnnotationMBeanExporter.unregisterBeans - Unregistering JMX-exposed beans
01-08-2018 15:17:41.643 [RMI TCP Connection(2)-127.0.0.1] INFO  com.zaxxer.hikari.HikariDataSource.close - HikariPool-1 - Shutdown initiated...
01-08-2018 15:17:41.643 [RMI TCP Connection(2)-127.0.0.1] INFO  com.zaxxer.hikari.HikariDataSource.close - HikariPool-1 - Shutdown completed.
01-08-2018 17:56:24.503 [main] ERROR o.s.b.c.l.LoggingApplicationListener.setLogLevel - Cannot set level: fatal,debug,info,warn for 'null'
01-08-2018 17:56:24.594 [main] INFO  c.c.b.BootJdbctemplateApplicationTests.logStarting - Starting BootJdbctemplateApplicationTests on DIN34002994 with PID 8740 (started by sogour in D:\sourabh\project backups\31st july\r\project1)
01-08-2018 17:56:24.595 [main] INFO  c.c.b.BootJdbctemplateApplicationTests.logStartupProfileInfo - No active profile set, falling back to default profiles: default
01-08-2018 17:56:24.621 [main] INFO  o.s.w.c.s.GenericWebApplicationContext.prepareRefresh - Refreshing org.springframework.web.context.support.GenericWebApplicationContext@69c81773: startup date [Wed Aug 01 17:56:24 IST 2018]; root of context hierarchy
01-08-2018 17:56:26.187 [main] INFO  o.s.w.s.h.SimpleUrlHandlerMapping.registerHandler - Mapped URL path [/**/favicon.ico] onto handler of type [class org.springframework.web.servlet.resource.ResourceHttpRequestHandler]
01-08-2018 17:56:26.417 [main] INFO  o.s.w.s.m.m.a.RequestMappingHandlerAdapter.initControllerAdviceCache - Looking for @ControllerAdvice: org.springframework.web.context.support.GenericWebApplicationContext@69c81773: startup date [Wed Aug 01 17:56:24 IST 2018]; root of context hierarchy
01-08-2018 17:56:26.491 [main] INFO  o.s.w.s.m.m.a.RequestMappingHandlerMapping.register - Mapped "{[/booking/update/resort/{resortBookingId}],methods=[PUT]}" onto public org.springframework.http.ResponseEntity<com.cg.entity.Resort> com.cg.rest.BookingController.updateBookResort(com.cg.entity.Resort,long)
01-08-2018 17:56:26.494 [main] INFO  o.s.w.s.m.m.a.RequestMappingHandlerMapping.register - Mapped "{[/booking/resort/{guestID}],methods=[POST]}" onto public org.springframework.http.ResponseEntity<com.cg.entity.Resort> com.cg.rest.BookingController.bookResort(com.cg.entity.Resort,long)
01-08-2018 17:56:26.495 [main] INFO  o.s.w.s.m.m.a.RequestMappingHandlerMapping.register - Mapped "{[/booking/update/dinning/{dinningBookingId}],methods=[PUT]}" onto public org.springframework.http.ResponseEntity<com.cg.entity.Dinning> com.cg.rest.BookingController.updateBookedDinning(com.cg.entity.Dinning,long)
01-08-2018 17:56:26.495 [main] INFO  o.s.w.s.m.m.a.RequestMappingHandlerMapping.register - Mapped "{[/booking/cancel/dinning/{dinningBookingId}],methods=[PUT]}" onto public org.springframework.http.ResponseEntity<com.cg.entity.Dinning> com.cg.rest.BookingController.cancelBookedDinning(long)
01-08-2018 17:56:26.496 [main] INFO  o.s.w.s.m.m.a.RequestMappingHandlerMapping.register - Mapped "{[/booking/cancel/resort/{resortBookingId}],methods=[PUT]}" onto public org.springframework.http.ResponseEntity<com.cg.entity.Resort> com.cg.rest.BookingController.cancelBookResort(long)
01-08-2018 17:56:26.496 [main] INFO  o.s.w.s.m.m.a.RequestMappingHandlerMapping.register - Mapped "{[/booking/dinning/{guestID}],methods=[POST]}" onto public org.springframework.http.ResponseEntity<com.cg.entity.Dinning> com.cg.rest.BookingController.bookDinning(com.cg.entity.Dinning,long)
01-08-2018 17:56:26.499 [main] INFO  o.s.w.s.m.m.a.RequestMappingHandlerMapping.register - Mapped "{[/guest/register],methods=[POST]}" onto public org.springframework.http.ResponseEntity<com.cg.entity.Guest> com.cg.rest.GuestController.createGuest(com.cg.entity.Guest)
01-08-2018 17:56:26.499 [main] INFO  o.s.w.s.m.m.a.RequestMappingHandlerMapping.register - Mapped "{[/guest/login],methods=[POST]}" onto public org.springframework.http.ResponseEntity<com.cg.entity.Guest> com.cg.rest.GuestController.processGuest(com.cg.entity.Guest)
01-08-2018 17:56:26.500 [main] INFO  o.s.w.s.m.m.a.RequestMappingHandlerMapping.register - Mapped "{[/guest/view/{guestID}],methods=[GET]}" onto public java.util.List<java.lang.Object> com.cg.rest.GuestController.viewItenarary(long)
01-08-2018 17:56:26.502 [main] INFO  o.s.w.s.m.m.a.RequestMappingHandlerMapping.register - Mapped "{[/error]}" onto public org.springframework.http.ResponseEntity<java.util.Map<java.lang.String, java.lang.Object>> org.springframework.boot.autoconfigure.web.servlet.error.BasicErrorController.error(javax.servlet.http.HttpServletRequest)
01-08-2018 17:56:26.503 [main] INFO  o.s.w.s.m.m.a.RequestMappingHandlerMapping.register - Mapped "{[/error],produces=[text/html]}" onto public org.springframework.web.servlet.ModelAndView org.springframework.boot.autoconfigure.web.servlet.error.BasicErrorController.errorHtml(javax.servlet.http.HttpServletRequest,javax.servlet.http.HttpServletResponse)
01-08-2018 17:56:26.526 [main] INFO  o.s.w.s.h.SimpleUrlHandlerMapping.registerHandler - Mapped URL path [/webjars/**] onto handler of type [class org.springframework.web.servlet.resource.ResourceHttpRequestHandler]
01-08-2018 17:56:26.528 [main] INFO  o.s.w.s.h.SimpleUrlHandlerMapping.registerHandler - Mapped URL path [/**] onto handler of type [class org.springframework.web.servlet.resource.ResourceHttpRequestHandler]
01-08-2018 17:56:26.834 [main] INFO  c.c.b.BootJdbctemplateApplicationTests.logStarted - Started BootJdbctemplateApplicationTests in 2.639 seconds (JVM running for 3.769)
01-08-2018 17:56:27.575 [main] INFO  GuestDAOImpl.class.registerGuest - Executing Guest Registering .
01-08-2018 17:56:27.611 [Thread-2] INFO  o.s.w.c.s.GenericWebApplicationContext.doClose - Closing org.springframework.web.context.support.GenericWebApplicationContext@69c81773: startup date [Wed Aug 01 17:56:24 IST 2018]; root of context hierarchy
01-08-2018 18:00:32.297 [main] ERROR o.s.b.c.l.LoggingApplicationListener.setLogLevel - Cannot set level: fatal,debug,info,warn for 'null'
01-08-2018 18:00:32.349 [main] INFO  com.cg.MyApplication.logStarting - Starting MyApplication on DIN34002994 with PID 8960 (started by sogour in D:\sourabh\project backups\31st july\r\project1)
01-08-2018 18:00:32.350 [main] INFO  com.cg.MyApplication.logStartupProfileInfo - No active profile set, falling back to default profiles: default
01-08-2018 18:00:32.384 [main] INFO  o.s.b.w.s.c.AnnotationConfigServletWebServerApplicationContext.prepareRefresh - Refreshing org.springframework.boot.web.servlet.context.AnnotationConfigServletWebServerApplicationContext@5ccddd20: startup date [Wed Aug 01 18:00:32 IST 2018]; root of context hierarchy
01-08-2018 18:00:33.157 [main] INFO  o.s.b.w.e.tomcat.TomcatWebServer.initialize - Tomcat initialized with port(s): 8080 (http)
01-08-2018 18:00:33.174 [main] INFO  o.a.catalina.core.StandardService.log - Starting service [Tomcat]
01-08-2018 18:00:33.175 [main] INFO  o.a.catalina.core.StandardEngine.log - Starting Servlet Engine: Apache Tomcat/8.5.31
01-08-2018 18:00:33.179 [localhost-startStop-1] INFO  o.a.c.core.AprLifecycleListener.log - The APR based Apache Tomcat Native library which allows optimal performance in production environments was not found on the java.library.path: [C:\Program Files\Java\jdk1.8.0_172\bin;C:\WINDOWS\Sun\Java\bin;C:\WINDOWS\system32;C:\WINDOWS;C:/Program Files/Java/jre1.8.0_172/bin/server;C:/Program Files/Java/jre1.8.0_172/bin;C:/Program Files/Java/jre1.8.0_172/lib/amd64;C:\Program Files (x86)\Common Files\Oracle\Java\javapath;C:\WINDOWS\system32;C:\WINDOWS;C:\WINDOWS\System32\Wbem;C:\WINDOWS\System32\WindowsPowerShell\v1.0\;C:\Program Files (x86)\QuickTime\QTSystem\;C:\Program Files\CapgeminiScripts\Support Tools\;C:\WINDOWS\System32\WindowsPowerShell\v1.0\;C:\Program Files\Java\jdk1.8.0_172\bin;D:\softwares\spring-tool-suite-3.9.4.RELEASE-e4.7.3a-win32-x86_64\sts-bundle\sts-3.9.4.RELEASE;;.]
01-08-2018 18:00:33.288 [localhost-startStop-1] INFO  o.a.c.c.C.[Tomcat].[localhost].[/].log - Initializing Spring embedded WebApplicationContext
01-08-2018 18:00:33.289 [localhost-startStop-1] INFO  o.s.web.context.ContextLoader.prepareWebApplicationContext - Root WebApplicationContext: initialization completed in 904 ms
01-08-2018 18:00:33.396 [localhost-startStop-1] INFO  o.s.b.w.s.ServletRegistrationBean.addRegistration - Servlet dispatcherServlet mapped to [/]
01-08-2018 18:00:33.399 [localhost-startStop-1] INFO  o.s.b.w.s.FilterRegistrationBean.configure - Mapping filter: 'characterEncodingFilter' to: [/*]
01-08-2018 18:00:33.399 [localhost-startStop-1] INFO  o.s.b.w.s.FilterRegistrationBean.configure - Mapping filter: 'hiddenHttpMethodFilter' to: [/*]
01-08-2018 18:00:33.400 [localhost-startStop-1] INFO  o.s.b.w.s.FilterRegistrationBean.configure - Mapping filter: 'httpPutFormContentFilter' to: [/*]
01-08-2018 18:00:33.400 [localhost-startStop-1] INFO  o.s.b.w.s.FilterRegistrationBean.configure - Mapping filter: 'requestContextFilter' to: [/*]
01-08-2018 18:00:33.602 [main] INFO  o.s.w.s.h.SimpleUrlHandlerMapping.registerHandler - Mapped URL path [/**/favicon.ico] onto handler of type [class org.springframework.web.servlet.resource.ResourceHttpRequestHandler]
01-08-2018 18:00:33.733 [main] INFO  o.s.w.s.m.m.a.RequestMappingHandlerAdapter.initControllerAdviceCache - Looking for @ControllerAdvice: org.springframework.boot.web.servlet.context.AnnotationConfigServletWebServerApplicationContext@5ccddd20: startup date [Wed Aug 01 18:00:32 IST 2018]; root of context hierarchy
01-08-2018 18:00:33.777 [main] INFO  o.s.w.s.m.m.a.RequestMappingHandlerMapping.register - Mapped "{[/booking/update/dinning/{dinningBookingId}],methods=[PUT]}" onto public org.springframework.http.ResponseEntity<com.cg.entity.Dinning> com.cg.rest.BookingController.updateBookedDinning(com.cg.entity.Dinning,long)
01-08-2018 18:00:33.777 [main] INFO  o.s.w.s.m.m.a.RequestMappingHandlerMapping.register - Mapped "{[/booking/cancel/dinning/{dinningBookingId}],methods=[PUT]}" onto public org.springframework.http.ResponseEntity<com.cg.entity.Dinning> com.cg.rest.BookingController.cancelBookedDinning(long)
01-08-2018 18:00:33.778 [main] INFO  o.s.w.s.m.m.a.RequestMappingHandlerMapping.register - Mapped "{[/booking/resort/{guestID}],methods=[POST]}" onto public org.springframework.http.ResponseEntity<com.cg.entity.Resort> com.cg.rest.BookingController.bookResort(com.cg.entity.Resort,long)
01-08-2018 18:00:33.778 [main] INFO  o.s.w.s.m.m.a.RequestMappingHandlerMapping.register - Mapped "{[/booking/update/resort/{resortBookingId}],methods=[PUT]}" onto public org.springframework.http.ResponseEntity<com.cg.entity.Resort> com.cg.rest.BookingController.updateBookResort(com.cg.entity.Resort,long)
01-08-2018 18:00:33.779 [main] INFO  o.s.w.s.m.m.a.RequestMappingHandlerMapping.register - Mapped "{[/booking/cancel/resort/{resortBookingId}],methods=[PUT]}" onto public org.springframework.http.ResponseEntity<com.cg.entity.Resort> com.cg.rest.BookingController.cancelBookResort(long)
01-08-2018 18:00:33.779 [main] INFO  o.s.w.s.m.m.a.RequestMappingHandlerMapping.register - Mapped "{[/booking/dinning/{guestID}],methods=[POST]}" onto public org.springframework.http.ResponseEntity<com.cg.entity.Dinning> com.cg.rest.BookingController.bookDinning(com.cg.entity.Dinning,long)
01-08-2018 18:00:33.781 [main] INFO  o.s.w.s.m.m.a.RequestMappingHandlerMapping.register - Mapped "{[/guest/register],methods=[POST]}" onto public org.springframework.http.ResponseEntity<com.cg.entity.Guest> com.cg.rest.GuestController.createGuest(com.cg.entity.Guest)
01-08-2018 18:00:33.781 [main] INFO  o.s.w.s.m.m.a.RequestMappingHandlerMapping.register - Mapped "{[/guest/login],methods=[POST]}" onto public org.springframework.http.ResponseEntity<com.cg.entity.Guest> com.cg.rest.GuestController.processGuest(com.cg.entity.Guest)
01-08-2018 18:00:33.782 [main] INFO  o.s.w.s.m.m.a.RequestMappingHandlerMapping.register - Mapped "{[/guest/view/{guestID}],methods=[GET]}" onto public java.util.List<java.lang.Object> com.cg.rest.GuestController.viewItenarary(long)
01-08-2018 18:00:33.784 [main] INFO  o.s.w.s.m.m.a.RequestMappingHandlerMapping.register - Mapped "{[/error]}" onto public org.springframework.http.ResponseEntity<java.util.Map<java.lang.String, java.lang.Object>> org.springframework.boot.autoconfigure.web.servlet.error.BasicErrorController.error(javax.servlet.http.HttpServletRequest)
01-08-2018 18:00:33.784 [main] INFO  o.s.w.s.m.m.a.RequestMappingHandlerMapping.register - Mapped "{[/error],produces=[text/html]}" onto public org.springframework.web.servlet.ModelAndView org.springframework.boot.autoconfigure.web.servlet.error.BasicErrorController.errorHtml(javax.servlet.http.HttpServletRequest,javax.servlet.http.HttpServletResponse)
01-08-2018 18:00:33.802 [main] INFO  o.s.w.s.h.SimpleUrlHandlerMapping.registerHandler - Mapped URL path [/webjars/**] onto handler of type [class org.springframework.web.servlet.resource.ResourceHttpRequestHandler]
01-08-2018 18:00:33.802 [main] INFO  o.s.w.s.h.SimpleUrlHandlerMapping.registerHandler - Mapped URL path [/**] onto handler of type [class org.springframework.web.servlet.resource.ResourceHttpRequestHandler]
01-08-2018 18:00:33.948 [main] INFO  o.s.j.e.a.AnnotationMBeanExporter.afterSingletonsInstantiated - Registering beans for JMX exposure on startup
01-08-2018 18:00:33.949 [main] INFO  o.s.j.e.a.AnnotationMBeanExporter.autodetect - Bean with name 'dataSource' has been autodetected for JMX exposure
01-08-2018 18:00:33.954 [main] INFO  o.s.j.e.a.AnnotationMBeanExporter.registerBeanInstance - Located MBean 'dataSource': registering with JMX server as MBean [com.zaxxer.hikari:name=dataSource,type=HikariDataSource]
01-08-2018 18:00:33.985 [main] INFO  o.s.b.w.e.tomcat.TomcatWebServer.start - Tomcat started on port(s): 8080 (http) with context path ''
01-08-2018 18:00:33.989 [main] INFO  com.cg.MyApplication.logStarted - Started MyApplication in 1.893 seconds (JVM running for 2.681)
01-08-2018 18:00:33.992 [main] INFO  MyApplication.class.main - My Itinerary Application started.
01-08-2018 18:07:47.486 [RMI TCP Connection(5)-127.0.0.1] INFO  o.s.b.a.SpringApplicationAdminMXBeanRegistrar$SpringApplicationAdmin.shutdown - Application shutdown requested.
01-08-2018 18:07:47.487 [RMI TCP Connection(5)-127.0.0.1] INFO  o.s.b.w.s.c.AnnotationConfigServletWebServerApplicationContext.doClose - Closing org.springframework.boot.web.servlet.context.AnnotationConfigServletWebServerApplicationContext@5ccddd20: startup date [Wed Aug 01 18:00:32 IST 2018]; root of context hierarchy
01-08-2018 18:07:47.489 [RMI TCP Connection(5)-127.0.0.1] INFO  o.s.j.e.a.AnnotationMBeanExporter.destroy - Unregistering JMX-exposed beans on shutdown
01-08-2018 18:07:47.490 [RMI TCP Connection(5)-127.0.0.1] INFO  o.s.j.e.a.AnnotationMBeanExporter.unregisterBeans - Unregistering JMX-exposed beans
